Obtaining renewable credentials, you will be asked to type in your password
Password for s1513472@INF.ED.AC.UK: 
Running job "./run.sh --exp-config=conf/exp_configs/epochs11.conf" for maximum of 28 days in background
Waiting for job to start...
+++++++++++++++++++++++++++++++++++++++++++++++++++++++++++++++++++++++++
 	 This shell script runs the GlobalPhone+X-vectors recipe.
 	 Use like this: ./run.sh <options>
 	 --stage=INT		Stage from which to start
 	 --run-all=(false|true)	Whether to run all stages
 	 			or just the specified one
 	 --experiment=STR	Experiment name (also name of directory 
 	 			where all files will be stored).
 	 			Default: 'baseline'.
 	 --exp-config=FILE	Config file with all kinds of options,
 	 			see conf/exp_default.conf for an example.
 	 			NOTE: Where arguments are passed on the command line,
 	 			the values overwrite those found in the config file.

 	 If no stage number is provided, either all stages
 	 will be run (--run-all=true) or no stages at all.
 +++++++++++++++++++++++++++++++++++++++++++++++++++++++++++++++++++++++++
Running experiment: 'epochs11'
Running all stages starting with 4.
Running on the cluster.
Conda environment not activated, sourcing ~/.bashrc and activating the 'lid' env.
Using shorten (v3.6.1) from ~/language-ident-from-speech/gp-xvectors-recipe/tools/shorten-3.6.1/bin/shorten
Using sox (v14.3.2) from ~/language-ident-from-speech/gp-xvectors-recipe/tools/sox-14.3.2/bin/sox
Conda environment not activated, sourcing ~/.bashrc and activating the 'lid' env.
Using preprocessed data	from: /home/s1513472/lid/baseline
The experiment directory is: /home/s1513472/lid/epochs11
Running with languages: AR BG CH CR CZ FR GE JA KO PL PO RU SP SW TA TH TU WU VN
#### STAGE 4: Training the X-vector DNN. ####
Running on the cluster.
Conda environment 'lid' active.
Running on the cluster.
/home/s1513472/lid/baseline/nnet_train_data
/home/s1513472/lid/baseline/nnet/egs
#### STAGE 5: Creating NN configs using the xconfig parser. ####
./local/run_xvector.sh: creating neural net configs using the xconfig parser
nnet3-init /home/s1513472/lid/epochs11/nnet/configs/ref.config /home/s1513472/lid/epochs11/nnet/configs/ref.raw 
LOG (nnet3-init[5.5.142~5-ff514]:main():nnet3-init.cc:80) Initialized raw neural net and wrote it to /home/s1513472/lid/epochs11/nnet/configs/ref.raw
nnet3-info /home/s1513472/lid/epochs11/nnet/configs/ref.raw 
nnet3-init /home/s1513472/lid/epochs11/nnet/configs/ref.config /home/s1513472/lid/epochs11/nnet/configs/ref.raw 
LOG (nnet3-init[5.5.142~5-ff514]:main():nnet3-init.cc:80) Initialized raw neural net and wrote it to /home/s1513472/lid/epochs11/nnet/configs/ref.raw
nnet3-info /home/s1513472/lid/epochs11/nnet/configs/ref.raw 
steps/nnet3/xconfig_to_configs.py --xconfig-file /home/s1513472/lid/epochs11/nnet/configs/network.xconfig --config-dir /home/s1513472/lid/epochs11/nnet/configs
#### STAGE 6: Training the network. ####
Job started successfully
2019-01-28 09:15:51,209 [steps/nnet3/train_raw_dnn.py:35 - <module> - INFO ] Starting raw DNN trainer (train_raw_dnn.py)
2019-01-28 09:15:51,428 [steps/nnet3/train_raw_dnn.py:156 - process_args - WARNING ] You are running with one thread but you have not compiled
                   for CUDA.  You may be running a setup optimized for GPUs.
                   If you have GPUs and have nvcc installed, go to src/ and do
                   ./configure; make
2019-01-28 09:15:51,430 [steps/nnet3/train_raw_dnn.py:195 - train - INFO ] Arguments for the experiment
{'backstitch_training_interval': 1,
 'backstitch_training_scale': 0.0,
 'cleanup': True,
 'cmvn_opts': None,
 'combine_sum_to_one_penalty': 0.0,
 'command': 'slurm.pl',
 'compute_average_posteriors': False,
 'compute_per_dim_accuracy': False,
 'dir': '/home/s1513472/lid/epochs11/nnet',
 'do_final_combination': True,
 'dropout_schedule': '0,0@0.20,0.1@0.50,0',
 'egs_command': None,
 'egs_dir': '/home/s1513472/lid/baseline/nnet/egs',
 'egs_opts': None,
 'egs_stage': 0,
 'email': None,
 'exit_stage': None,
 'feat_dir': None,
 'final_effective_lrate': 0.0001,
 'frames_per_eg': 1,
 'image_augmentation_opts': None,
 'initial_effective_lrate': 0.001,
 'input_model': None,
 'max_lda_jobs': 10,
 'max_models_combine': 20,
 'max_objective_evaluations': 30,
 'max_param_change': 2.0,
 'minibatch_size': '64',
 'momentum': 0.5,
 'nj': 4,
 'num_epochs': 11.0,
 'num_jobs_compute_prior': 10,
 'num_jobs_final': 3,
 'num_jobs_initial': 3,
 'online_ivector_dir': None,
 'preserve_model_interval': 10,
 'presoftmax_prior_scale_power': -0.25,
 'prior_subset_size': 20000,
 'proportional_shrink': 10.0,
 'rand_prune': 4.0,
 'remove_egs': False,
 'reporting_interval': 0.1,
 'samples_per_iter': 400000,
 'shuffle_buffer_size': 1000,
 'srand': 123,
 'stage': -1,
 'targets_scp': None,
 'train_opts': [],
 'use_dense_targets': True,
 'use_gpu': 'yes'}
2019-01-28 09:15:51,468 [steps/nnet3/train_raw_dnn.py:315 - train - INFO ] Preparing the initial network.
2019-01-28 09:16:00,924 [steps/nnet3/train_raw_dnn.py:353 - train - INFO ] Training will run for 11.0 epochs = 256 iterations
2019-01-28 09:16:00,924 [steps/nnet3/train_raw_dnn.py:388 - train - INFO ] Iter: 0/255    Epoch: 0.00/11.0 (0.0% complete)    lr: 0.003000    shrink: 0.97000
2019-01-28 09:23:35,193 [steps/nnet3/train_raw_dnn.py:388 - train - INFO ] Iter: 1/255    Epoch: 0.04/11.0 (0.4% complete)    lr: 0.002973    shrink: 0.97027
2019-01-28 09:31:24,485 [steps/nnet3/train_raw_dnn.py:388 - train - INFO ] Iter: 2/255    Epoch: 0.09/11.0 (0.8% complete)    lr: 0.002947    shrink: 0.97053
2019-01-28 09:36:41,829 [steps/nnet3/train_raw_dnn.py:388 - train - INFO ] Iter: 3/255    Epoch: 0.13/11.0 (1.2% complete)    lr: 0.002920    shrink: 0.97080
2019-01-28 09:42:56,629 [steps/nnet3/train_raw_dnn.py:388 - train - INFO ] Iter: 4/255    Epoch: 0.17/11.0 (1.6% complete)    lr: 0.002894    shrink: 0.97106
2019-01-28 09:50:37,377 [steps/nnet3/train_raw_dnn.py:388 - train - INFO ] Iter: 5/255    Epoch: 0.21/11.0 (1.9% complete)    lr: 0.002868    shrink: 0.97132
2019-01-28 09:58:10,980 [steps/nnet3/train_raw_dnn.py:388 - train - INFO ] Iter: 6/255    Epoch: 0.26/11.0 (2.3% complete)    lr: 0.002843    shrink: 0.97157
2019-01-28 10:05:58,047 [steps/nnet3/train_raw_dnn.py:388 - train - INFO ] Iter: 7/255    Epoch: 0.30/11.0 (2.7% complete)    lr: 0.002817    shrink: 0.97183
2019-01-28 10:13:56,338 [steps/nnet3/train_raw_dnn.py:388 - train - INFO ] Iter: 8/255    Epoch: 0.34/11.0 (3.1% complete)    lr: 0.002792    shrink: 0.97208
2019-01-28 10:19:38,814 [steps/nnet3/train_raw_dnn.py:388 - train - INFO ] Iter: 9/255    Epoch: 0.39/11.0 (3.5% complete)    lr: 0.002767    shrink: 0.97233
2019-01-28 10:26:40,426 [steps/nnet3/train_raw_dnn.py:388 - train - INFO ] Iter: 10/255    Epoch: 0.43/11.0 (3.9% complete)    lr: 0.002743    shrink: 0.97257
2019-01-28 10:32:41,685 [steps/nnet3/train_raw_dnn.py:388 - train - INFO ] Iter: 11/255    Epoch: 0.47/11.0 (4.3% complete)    lr: 0.002718    shrink: 0.97282
2019-01-28 10:39:45,230 [steps/nnet3/train_raw_dnn.py:388 - train - INFO ] Iter: 12/255    Epoch: 0.51/11.0 (4.7% complete)    lr: 0.002694    shrink: 0.97306
2019-01-28 10:46:58,992 [steps/nnet3/train_raw_dnn.py:388 - train - INFO ] Iter: 13/255    Epoch: 0.56/11.0 (5.1% complete)    lr: 0.002670    shrink: 0.97330
2019-01-28 10:54:57,928 [steps/nnet3/train_raw_dnn.py:388 - train - INFO ] Iter: 14/255    Epoch: 0.60/11.0 (5.5% complete)    lr: 0.002646    shrink: 0.97354
2019-01-28 11:02:17,533 [steps/nnet3/train_raw_dnn.py:388 - train - INFO ] Iter: 15/255    Epoch: 0.64/11.0 (5.8% complete)    lr: 0.002622    shrink: 0.97378
2019-01-28 11:09:28,324 [steps/nnet3/train_raw_dnn.py:388 - train - INFO ] Iter: 16/255    Epoch: 0.69/11.0 (6.2% complete)    lr: 0.002599    shrink: 0.97401
2019-01-28 11:17:38,647 [steps/nnet3/train_raw_dnn.py:388 - train - INFO ] Iter: 17/255    Epoch: 0.73/11.0 (6.6% complete)    lr: 0.002576    shrink: 0.97424
2019-01-28 11:25:36,673 [steps/nnet3/train_raw_dnn.py:388 - train - INFO ] Iter: 18/255    Epoch: 0.77/11.0 (7.0% complete)    lr: 0.002553    shrink: 0.97447
2019-01-28 11:33:11,992 [steps/nnet3/train_raw_dnn.py:388 - train - INFO ] Iter: 19/255    Epoch: 0.81/11.0 (7.4% complete)    lr: 0.002530    shrink: 0.97470
2019-01-28 11:38:11,672 [steps/nnet3/train_raw_dnn.py:388 - train - INFO ] Iter: 20/255    Epoch: 0.86/11.0 (7.8% complete)    lr: 0.002507    shrink: 0.97493
2019-01-28 11:45:13,696 [steps/nnet3/train_raw_dnn.py:388 - train - INFO ] Iter: 21/255    Epoch: 0.90/11.0 (8.2% complete)    lr: 0.002485    shrink: 0.97515
2019-01-28 11:52:29,786 [steps/nnet3/train_raw_dnn.py:388 - train - INFO ] Iter: 22/255    Epoch: 0.94/11.0 (8.6% complete)    lr: 0.002463    shrink: 0.97537
2019-01-28 12:00:19,307 [steps/nnet3/train_raw_dnn.py:388 - train - INFO ] Iter: 23/255    Epoch: 0.99/11.0 (9.0% complete)    lr: 0.002441    shrink: 0.97559
2019-01-28 12:05:27,607 [steps/nnet3/train_raw_dnn.py:388 - train - INFO ] Iter: 24/255    Epoch: 1.03/11.0 (9.4% complete)    lr: 0.002419    shrink: 0.97581
2019-01-28 12:13:20,870 [steps/nnet3/train_raw_dnn.py:388 - train - INFO ] Iter: 25/255    Epoch: 1.07/11.0 (9.7% complete)    lr: 0.002397    shrink: 0.97603
2019-01-28 12:21:14,281 [steps/nnet3/train_raw_dnn.py:388 - train - INFO ] Iter: 26/255    Epoch: 1.11/11.0 (10.1% complete)    lr: 0.002376    shrink: 0.97624
2019-01-28 12:27:00,245 [steps/nnet3/train_raw_dnn.py:388 - train - INFO ] Iter: 27/255    Epoch: 1.16/11.0 (10.5% complete)    lr: 0.002355    shrink: 0.97645
2019-01-28 12:34:45,940 [steps/nnet3/train_raw_dnn.py:388 - train - INFO ] Iter: 28/255    Epoch: 1.20/11.0 (10.9% complete)    lr: 0.002334    shrink: 0.97666
2019-01-28 12:42:07,981 [steps/nnet3/train_raw_dnn.py:388 - train - INFO ] Iter: 29/255    Epoch: 1.24/11.0 (11.3% complete)    lr: 0.002313    shrink: 0.97687
2019-01-28 12:49:42,410 [steps/nnet3/train_raw_dnn.py:388 - train - INFO ] Iter: 30/255    Epoch: 1.29/11.0 (11.7% complete)    lr: 0.002292    shrink: 0.97708
2019-01-28 12:57:38,167 [steps/nnet3/train_raw_dnn.py:388 - train - INFO ] Iter: 31/255    Epoch: 1.33/11.0 (12.1% complete)    lr: 0.002272    shrink: 0.97728
2019-01-28 13:05:35,198 [steps/nnet3/train_raw_dnn.py:388 - train - INFO ] Iter: 32/255    Epoch: 1.37/11.0 (12.5% complete)    lr: 0.002251    shrink: 0.97749
2019-01-28 13:12:40,250 [steps/nnet3/train_raw_dnn.py:388 - train - INFO ] Iter: 33/255    Epoch: 1.41/11.0 (12.9% complete)    lr: 0.002231    shrink: 0.97769
2019-01-28 13:18:36,293 [steps/nnet3/train_raw_dnn.py:388 - train - INFO ] Iter: 34/255    Epoch: 1.46/11.0 (13.2% complete)    lr: 0.002211    shrink: 0.97789
2019-01-28 13:25:38,788 [steps/nnet3/train_raw_dnn.py:388 - train - INFO ] Iter: 35/255    Epoch: 1.50/11.0 (13.6% complete)    lr: 0.002192    shrink: 0.97808
2019-01-28 13:32:53,380 [steps/nnet3/train_raw_dnn.py:388 - train - INFO ] Iter: 36/255    Epoch: 1.54/11.0 (14.0% complete)    lr: 0.002172    shrink: 0.97828
2019-01-28 13:40:56,113 [steps/nnet3/train_raw_dnn.py:388 - train - INFO ] Iter: 37/255    Epoch: 1.59/11.0 (14.4% complete)    lr: 0.002153    shrink: 0.97847
2019-01-28 13:47:56,846 [steps/nnet3/train_raw_dnn.py:388 - train - INFO ] Iter: 38/255    Epoch: 1.63/11.0 (14.8% complete)    lr: 0.002133    shrink: 0.97867
2019-01-28 13:55:19,300 [steps/nnet3/train_raw_dnn.py:388 - train - INFO ] Iter: 39/255    Epoch: 1.67/11.0 (15.2% complete)    lr: 0.002114    shrink: 0.97886
2019-01-28 14:00:37,749 [steps/nnet3/train_raw_dnn.py:388 - train - INFO ] Iter: 40/255    Epoch: 1.71/11.0 (15.6% complete)    lr: 0.002095    shrink: 0.97905
2019-01-28 14:08:50,110 [steps/nnet3/train_raw_dnn.py:388 - train - INFO ] Iter: 41/255    Epoch: 1.76/11.0 (16.0% complete)    lr: 0.002077    shrink: 0.97923
2019-01-28 14:16:25,618 [steps/nnet3/train_raw_dnn.py:388 - train - INFO ] Iter: 42/255    Epoch: 1.80/11.0 (16.4% complete)    lr: 0.002058    shrink: 0.97942
2019-01-28 14:24:04,392 [steps/nnet3/train_raw_dnn.py:388 - train - INFO ] Iter: 43/255    Epoch: 1.84/11.0 (16.8% complete)    lr: 0.002040    shrink: 0.97960
2019-01-28 14:28:47,865 [steps/nnet3/train_raw_dnn.py:388 - train - INFO ] Iter: 44/255    Epoch: 1.89/11.0 (17.1% complete)    lr: 0.002022    shrink: 0.97978
2019-01-28 14:36:02,404 [steps/nnet3/train_raw_dnn.py:388 - train - INFO ] Iter: 45/255    Epoch: 1.93/11.0 (17.5% complete)    lr: 0.002004    shrink: 0.97996
2019-01-28 14:42:56,042 [steps/nnet3/train_raw_dnn.py:388 - train - INFO ] Iter: 46/255    Epoch: 1.97/11.0 (17.9% complete)    lr: 0.001986    shrink: 0.98014
2019-01-28 14:50:46,310 [steps/nnet3/train_raw_dnn.py:388 - train - INFO ] Iter: 47/255    Epoch: 2.01/11.0 (18.3% complete)    lr: 0.001968    shrink: 0.98032
2019-01-28 14:58:37,415 [steps/nnet3/train_raw_dnn.py:388 - train - INFO ] Iter: 48/255    Epoch: 2.06/11.0 (18.7% complete)    lr: 0.001950    shrink: 0.98050
2019-01-28 15:06:28,337 [steps/nnet3/train_raw_dnn.py:388 - train - INFO ] Iter: 49/255    Epoch: 2.10/11.0 (19.1% complete)    lr: 0.001933    shrink: 0.98067
2019-01-28 15:12:16,959 [steps/nnet3/train_raw_dnn.py:388 - train - INFO ] Iter: 50/255    Epoch: 2.14/11.0 (19.5% complete)    lr: 0.001916    shrink: 0.98084
2019-01-28 15:19:25,802 [steps/nnet3/train_raw_dnn.py:388 - train - INFO ] Iter: 51/255    Epoch: 2.19/11.0 (19.9% complete)    lr: 0.001899    shrink: 0.98101
2019-01-28 15:27:10,938 [steps/nnet3/train_raw_dnn.py:388 - train - INFO ] Iter: 52/255    Epoch: 2.23/11.0 (20.3% complete)    lr: 0.001882    shrink: 0.98118
2019-01-28 15:34:45,762 [steps/nnet3/train_raw_dnn.py:388 - train - INFO ] Iter: 53/255    Epoch: 2.27/11.0 (20.6% complete)    lr: 0.001865    shrink: 0.98135
2019-01-28 15:42:33,952 [steps/nnet3/train_raw_dnn.py:388 - train - INFO ] Iter: 54/255    Epoch: 2.31/11.0 (21.0% complete)    lr: 0.001848    shrink: 0.98152
2019-01-28 15:50:28,236 [steps/nnet3/train_raw_dnn.py:388 - train - INFO ] Iter: 55/255    Epoch: 2.36/11.0 (21.4% complete)    lr: 0.001832    shrink: 0.98168
2019-01-28 15:56:14,352 [steps/nnet3/train_raw_dnn.py:388 - train - INFO ] Iter: 56/255    Epoch: 2.40/11.0 (21.8% complete)    lr: 0.001815    shrink: 0.98185
2019-01-28 16:03:28,734 [steps/nnet3/train_raw_dnn.py:388 - train - INFO ] Iter: 57/255    Epoch: 2.44/11.0 (22.2% complete)    lr: 0.001799    shrink: 0.98201
2019-01-28 16:09:16,009 [steps/nnet3/train_raw_dnn.py:388 - train - INFO ] Iter: 58/255    Epoch: 2.49/11.0 (22.6% complete)    lr: 0.001783    shrink: 0.98217
2019-01-28 16:16:30,962 [steps/nnet3/train_raw_dnn.py:388 - train - INFO ] Iter: 59/255    Epoch: 2.53/11.0 (23.0% complete)    lr: 0.001767    shrink: 0.98233
2019-01-28 16:23:38,895 [steps/nnet3/train_raw_dnn.py:388 - train - INFO ] Iter: 60/255    Epoch: 2.57/11.0 (23.4% complete)    lr: 0.001751    shrink: 0.98249
2019-01-28 16:31:41,816 [steps/nnet3/train_raw_dnn.py:388 - train - INFO ] Iter: 61/255    Epoch: 2.61/11.0 (23.8% complete)    lr: 0.001736    shrink: 0.98264
2019-01-28 16:39:08,404 [steps/nnet3/train_raw_dnn.py:388 - train - INFO ] Iter: 62/255    Epoch: 2.66/11.0 (24.2% complete)    lr: 0.001720    shrink: 0.98280
2019-01-28 16:45:12,590 [steps/nnet3/train_raw_dnn.py:388 - train - INFO ] Iter: 63/255    Epoch: 2.70/11.0 (24.5% complete)    lr: 0.001705    shrink: 0.98295
2019-01-28 16:53:22,280 [steps/nnet3/train_raw_dnn.py:388 - train - INFO ] Iter: 64/255    Epoch: 2.74/11.0 (24.9% complete)    lr: 0.001690    shrink: 0.98310
2019-01-28 17:01:23,018 [steps/nnet3/train_raw_dnn.py:388 - train - INFO ] Iter: 65/255    Epoch: 2.79/11.0 (25.3% complete)    lr: 0.001674    shrink: 0.98326
2019-01-28 17:08:59,743 [steps/nnet3/train_raw_dnn.py:388 - train - INFO ] Iter: 66/255    Epoch: 2.83/11.0 (25.7% complete)    lr: 0.001660    shrink: 0.98340
2019-01-28 17:14:00,199 [steps/nnet3/train_raw_dnn.py:388 - train - INFO ] Iter: 67/255    Epoch: 2.87/11.0 (26.1% complete)    lr: 0.001645    shrink: 0.98355
2019-01-28 17:21:14,795 [steps/nnet3/train_raw_dnn.py:388 - train - INFO ] Iter: 68/255    Epoch: 2.91/11.0 (26.5% complete)    lr: 0.001630    shrink: 0.98370
2019-01-28 17:28:11,156 [steps/nnet3/train_raw_dnn.py:388 - train - INFO ] Iter: 69/255    Epoch: 2.96/11.0 (26.9% complete)    lr: 0.001615    shrink: 0.98385
2019-01-28 17:35:57,408 [steps/nnet3/train_raw_dnn.py:388 - train - INFO ] Iter: 70/255    Epoch: 3.00/11.0 (27.3% complete)    lr: 0.001601    shrink: 0.98399
2019-01-28 17:43:51,466 [steps/nnet3/train_raw_dnn.py:388 - train - INFO ] Iter: 71/255    Epoch: 3.04/11.0 (27.7% complete)    lr: 0.001587    shrink: 0.98413
2019-01-28 17:51:40,735 [steps/nnet3/train_raw_dnn.py:388 - train - INFO ] Iter: 72/255    Epoch: 3.09/11.0 (28.1% complete)    lr: 0.001573    shrink: 0.98427
2019-01-28 17:57:02,697 [steps/nnet3/train_raw_dnn.py:388 - train - INFO ] Iter: 73/255    Epoch: 3.13/11.0 (28.4% complete)    lr: 0.001558    shrink: 0.98442
2019-01-28 18:03:30,186 [steps/nnet3/train_raw_dnn.py:388 - train - INFO ] Iter: 74/255    Epoch: 3.17/11.0 (28.8% complete)    lr: 0.001545    shrink: 0.98455
2019-01-28 18:11:10,053 [steps/nnet3/train_raw_dnn.py:388 - train - INFO ] Iter: 75/255    Epoch: 3.21/11.0 (29.2% complete)    lr: 0.001531    shrink: 0.98469
2019-01-28 18:18:43,347 [steps/nnet3/train_raw_dnn.py:388 - train - INFO ] Iter: 76/255    Epoch: 3.26/11.0 (29.6% complete)    lr: 0.001517    shrink: 0.98483
2019-01-28 18:26:34,387 [steps/nnet3/train_raw_dnn.py:388 - train - INFO ] Iter: 77/255    Epoch: 3.30/11.0 (30.0% complete)    lr: 0.001504    shrink: 0.98496
2019-01-28 18:34:31,696 [steps/nnet3/train_raw_dnn.py:388 - train - INFO ] Iter: 78/255    Epoch: 3.34/11.0 (30.4% complete)    lr: 0.001490    shrink: 0.98510
2019-01-28 18:40:15,351 [steps/nnet3/train_raw_dnn.py:388 - train - INFO ] Iter: 79/255    Epoch: 3.39/11.0 (30.8% complete)    lr: 0.001477    shrink: 0.98523
2019-01-28 18:47:20,856 [steps/nnet3/train_raw_dnn.py:388 - train - INFO ] Iter: 80/255    Epoch: 3.43/11.0 (31.2% complete)    lr: 0.001464    shrink: 0.98536
2019-01-28 18:53:11,754 [steps/nnet3/train_raw_dnn.py:388 - train - INFO ] Iter: 81/255    Epoch: 3.47/11.0 (31.6% complete)    lr: 0.001451    shrink: 0.98549
2019-01-28 19:00:12,084 [steps/nnet3/train_raw_dnn.py:388 - train - INFO ] Iter: 82/255    Epoch: 3.51/11.0 (31.9% complete)    lr: 0.001438    shrink: 0.98562
2019-01-28 19:07:30,146 [steps/nnet3/train_raw_dnn.py:388 - train - INFO ] Iter: 83/255    Epoch: 3.56/11.0 (32.3% complete)    lr: 0.001425    shrink: 0.98575
2019-01-28 19:15:28,267 [steps/nnet3/train_raw_dnn.py:388 - train - INFO ] Iter: 84/255    Epoch: 3.60/11.0 (32.7% complete)    lr: 0.001412    shrink: 0.98588
2019-01-28 20:02:14,429 [steps/nnet3/train_raw_dnn.py:388 - train - INFO ] Iter: 85/255    Epoch: 3.64/11.0 (33.1% complete)    lr: 0.001399    shrink: 0.98601
2019-01-28 20:09:48,887 [steps/nnet3/train_raw_dnn.py:388 - train - INFO ] Iter: 86/255    Epoch: 3.69/11.0 (33.5% complete)    lr: 0.001387    shrink: 0.98613
2019-01-28 20:17:57,070 [steps/nnet3/train_raw_dnn.py:388 - train - INFO ] Iter: 87/255    Epoch: 3.73/11.0 (33.9% complete)    lr: 0.001375    shrink: 0.98625
2019-01-28 20:25:55,317 [steps/nnet3/train_raw_dnn.py:388 - train - INFO ] Iter: 88/255    Epoch: 3.77/11.0 (34.3% complete)    lr: 0.001362    shrink: 0.98638
2019-01-28 20:33:33,289 [steps/nnet3/train_raw_dnn.py:388 - train - INFO ] Iter: 89/255    Epoch: 3.81/11.0 (34.7% complete)    lr: 0.001350    shrink: 0.98650
2019-01-28 20:38:29,711 [steps/nnet3/train_raw_dnn.py:388 - train - INFO ] Iter: 90/255    Epoch: 3.86/11.0 (35.1% complete)    lr: 0.001338    shrink: 0.98662
2019-01-28 20:45:24,559 [steps/nnet3/train_raw_dnn.py:388 - train - INFO ] Iter: 91/255    Epoch: 3.90/11.0 (35.5% complete)    lr: 0.001326    shrink: 0.98674
2019-01-28 20:52:38,666 [steps/nnet3/train_raw_dnn.py:388 - train - INFO ] Iter: 92/255    Epoch: 3.94/11.0 (35.8% complete)    lr: 0.001314    shrink: 0.98686
2019-01-28 21:00:24,827 [steps/nnet3/train_raw_dnn.py:388 - train - INFO ] Iter: 93/255    Epoch: 3.99/11.0 (36.2% complete)    lr: 0.001303    shrink: 0.98697
2019-01-28 21:05:33,102 [steps/nnet3/train_raw_dnn.py:388 - train - INFO ] Iter: 94/255    Epoch: 4.03/11.0 (36.6% complete)    lr: 0.001291    shrink: 0.98709
2019-01-28 21:13:28,801 [steps/nnet3/train_raw_dnn.py:388 - train - INFO ] Iter: 95/255    Epoch: 4.07/11.0 (37.0% complete)    lr: 0.001279    shrink: 0.98721
2019-01-28 21:21:21,642 [steps/nnet3/train_raw_dnn.py:388 - train - INFO ] Iter: 96/255    Epoch: 4.11/11.0 (37.4% complete)    lr: 0.001268    shrink: 0.98732
2019-01-28 21:27:12,520 [steps/nnet3/train_raw_dnn.py:388 - train - INFO ] Iter: 97/255    Epoch: 4.16/11.0 (37.8% complete)    lr: 0.001257    shrink: 0.98743
2019-01-28 21:34:54,549 [steps/nnet3/train_raw_dnn.py:388 - train - INFO ] Iter: 98/255    Epoch: 4.20/11.0 (38.2% complete)    lr: 0.001245    shrink: 0.98755
2019-01-28 21:42:18,139 [steps/nnet3/train_raw_dnn.py:388 - train - INFO ] Iter: 99/255    Epoch: 4.24/11.0 (38.6% complete)    lr: 0.001234    shrink: 0.98766
2019-01-28 21:49:55,407 [steps/nnet3/train_raw_dnn.py:388 - train - INFO ] Iter: 100/255    Epoch: 4.29/11.0 (39.0% complete)    lr: 0.001223    shrink: 0.98777
2019-01-28 21:57:48,182 [steps/nnet3/train_raw_dnn.py:388 - train - INFO ] Iter: 101/255    Epoch: 4.33/11.0 (39.4% complete)    lr: 0.001212    shrink: 0.98788
2019-01-28 22:05:46,717 [steps/nnet3/train_raw_dnn.py:388 - train - INFO ] Iter: 102/255    Epoch: 4.37/11.0 (39.7% complete)    lr: 0.001201    shrink: 0.98799
2019-01-28 22:12:48,897 [steps/nnet3/train_raw_dnn.py:388 - train - INFO ] Iter: 103/255    Epoch: 4.41/11.0 (40.1% complete)    lr: 0.001191    shrink: 0.98809
2019-01-28 22:18:45,689 [steps/nnet3/train_raw_dnn.py:388 - train - INFO ] Iter: 104/255    Epoch: 4.46/11.0 (40.5% complete)    lr: 0.001180    shrink: 0.98820
2019-01-28 22:25:44,805 [steps/nnet3/train_raw_dnn.py:388 - train - INFO ] Iter: 105/255    Epoch: 4.50/11.0 (40.9% complete)    lr: 0.001170    shrink: 0.98830
2019-01-28 22:32:59,368 [steps/nnet3/train_raw_dnn.py:388 - train - INFO ] Iter: 106/255    Epoch: 4.54/11.0 (41.3% complete)    lr: 0.001159    shrink: 0.98841
2019-01-28 22:41:01,242 [steps/nnet3/train_raw_dnn.py:388 - train - INFO ] Iter: 107/255    Epoch: 4.59/11.0 (41.7% complete)    lr: 0.001149    shrink: 0.98851
2019-01-28 22:47:57,508 [steps/nnet3/train_raw_dnn.py:388 - train - INFO ] Iter: 108/255    Epoch: 4.63/11.0 (42.1% complete)    lr: 0.001139    shrink: 0.98861
2019-01-28 22:55:23,369 [steps/nnet3/train_raw_dnn.py:388 - train - INFO ] Iter: 109/255    Epoch: 4.67/11.0 (42.5% complete)    lr: 0.001128    shrink: 0.98872
2019-01-28 23:00:44,068 [steps/nnet3/train_raw_dnn.py:388 - train - INFO ] Iter: 110/255    Epoch: 4.71/11.0 (42.9% complete)    lr: 0.001118    shrink: 0.98882
2019-01-28 23:08:53,897 [steps/nnet3/train_raw_dnn.py:388 - train - INFO ] Iter: 111/255    Epoch: 4.76/11.0 (43.2% complete)    lr: 0.001108    shrink: 0.98892
2019-01-28 23:16:31,311 [steps/nnet3/train_raw_dnn.py:388 - train - INFO ] Iter: 112/255    Epoch: 4.80/11.0 (43.6% complete)    lr: 0.001098    shrink: 0.98902
2019-01-28 23:24:12,209 [steps/nnet3/train_raw_dnn.py:388 - train - INFO ] Iter: 113/255    Epoch: 4.84/11.0 (44.0% complete)    lr: 0.001089    shrink: 0.98911
2019-01-28 23:28:54,308 [steps/nnet3/train_raw_dnn.py:388 - train - INFO ] Iter: 114/255    Epoch: 4.89/11.0 (44.4% complete)    lr: 0.001079    shrink: 0.98921
2019-01-28 23:36:08,100 [steps/nnet3/train_raw_dnn.py:388 - train - INFO ] Iter: 115/255    Epoch: 4.93/11.0 (44.8% complete)    lr: 0.001069    shrink: 0.98931
2019-01-28 23:43:01,495 [steps/nnet3/train_raw_dnn.py:388 - train - INFO ] Iter: 116/255    Epoch: 4.97/11.0 (45.2% complete)    lr: 0.001060    shrink: 0.98940
2019-01-28 23:50:48,988 [steps/nnet3/train_raw_dnn.py:388 - train - INFO ] Iter: 117/255    Epoch: 5.01/11.0 (45.6% complete)    lr: 0.001050    shrink: 0.98950
2019-01-28 23:58:41,461 [steps/nnet3/train_raw_dnn.py:388 - train - INFO ] Iter: 118/255    Epoch: 5.06/11.0 (46.0% complete)    lr: 0.001041    shrink: 0.98959
2019-01-29 00:06:42,339 [steps/nnet3/train_raw_dnn.py:388 - train - INFO ] Iter: 119/255    Epoch: 5.10/11.0 (46.4% complete)    lr: 0.001032    shrink: 0.98968
2019-01-29 00:12:39,067 [steps/nnet3/train_raw_dnn.py:388 - train - INFO ] Iter: 120/255    Epoch: 5.14/11.0 (46.8% complete)    lr: 0.001022    shrink: 0.98978
2019-01-29 00:19:46,948 [steps/nnet3/train_raw_dnn.py:388 - train - INFO ] Iter: 121/255    Epoch: 5.19/11.0 (47.1% complete)    lr: 0.001013    shrink: 0.98987
2019-01-29 00:27:42,760 [steps/nnet3/train_raw_dnn.py:388 - train - INFO ] Iter: 122/255    Epoch: 5.23/11.0 (47.5% complete)    lr: 0.001004    shrink: 0.98996
2019-01-29 00:35:14,401 [steps/nnet3/train_raw_dnn.py:388 - train - INFO ] Iter: 123/255    Epoch: 5.27/11.0 (47.9% complete)    lr: 0.000995    shrink: 0.99005
2019-01-29 00:43:04,455 [steps/nnet3/train_raw_dnn.py:388 - train - INFO ] Iter: 124/255    Epoch: 5.31/11.0 (48.3% complete)    lr: 0.000986    shrink: 0.99014
2019-01-29 00:51:00,572 [steps/nnet3/train_raw_dnn.py:388 - train - INFO ] Iter: 125/255    Epoch: 5.36/11.0 (48.7% complete)    lr: 0.000977    shrink: 0.99023
2019-01-29 00:56:45,956 [steps/nnet3/train_raw_dnn.py:388 - train - INFO ] Iter: 126/255    Epoch: 5.40/11.0 (49.1% complete)    lr: 0.000969    shrink: 0.99031
2019-01-29 01:03:53,845 [steps/nnet3/train_raw_dnn.py:388 - train - INFO ] Iter: 127/255    Epoch: 5.44/11.0 (49.5% complete)    lr: 0.000960    shrink: 0.99040
2019-01-29 01:09:45,897 [steps/nnet3/train_raw_dnn.py:388 - train - INFO ] Iter: 128/255    Epoch: 5.49/11.0 (49.9% complete)    lr: 0.000952    shrink: 0.99048
2019-01-29 01:16:59,931 [steps/nnet3/train_raw_dnn.py:388 - train - INFO ] Iter: 129/255    Epoch: 5.53/11.0 (50.3% complete)    lr: 0.000943    shrink: 0.99057
2019-01-29 01:24:02,224 [steps/nnet3/train_raw_dnn.py:388 - train - INFO ] Iter: 130/255    Epoch: 5.57/11.0 (50.6% complete)    lr: 0.000935    shrink: 0.99065
2019-01-29 01:32:15,310 [steps/nnet3/train_raw_dnn.py:388 - train - INFO ] Iter: 131/255    Epoch: 5.61/11.0 (51.0% complete)    lr: 0.000926    shrink: 0.99074
2019-01-29 01:39:41,903 [steps/nnet3/train_raw_dnn.py:388 - train - INFO ] Iter: 132/255    Epoch: 5.66/11.0 (51.4% complete)    lr: 0.000918    shrink: 0.99082
2019-01-29 01:45:46,574 [steps/nnet3/train_raw_dnn.py:388 - train - INFO ] Iter: 133/255    Epoch: 5.70/11.0 (51.8% complete)    lr: 0.000910    shrink: 0.99090
2019-01-29 01:54:05,622 [steps/nnet3/train_raw_dnn.py:388 - train - INFO ] Iter: 134/255    Epoch: 5.74/11.0 (52.2% complete)    lr: 0.000902    shrink: 0.99098
2019-01-29 02:02:03,359 [steps/nnet3/train_raw_dnn.py:388 - train - INFO ] Iter: 135/255    Epoch: 5.79/11.0 (52.6% complete)    lr: 0.000894    shrink: 0.99106
2019-01-29 02:09:39,902 [steps/nnet3/train_raw_dnn.py:388 - train - INFO ] Iter: 136/255    Epoch: 5.83/11.0 (53.0% complete)    lr: 0.000886    shrink: 0.99114
2019-01-29 02:14:38,097 [steps/nnet3/train_raw_dnn.py:388 - train - INFO ] Iter: 137/255    Epoch: 5.87/11.0 (53.4% complete)    lr: 0.000878    shrink: 0.99122
2019-01-29 02:21:58,250 [steps/nnet3/train_raw_dnn.py:388 - train - INFO ] Iter: 138/255    Epoch: 5.91/11.0 (53.8% complete)    lr: 0.000870    shrink: 0.99130
2019-01-29 02:28:51,730 [steps/nnet3/train_raw_dnn.py:388 - train - INFO ] Iter: 139/255    Epoch: 5.96/11.0 (54.2% complete)    lr: 0.000862    shrink: 0.99138
2019-01-29 02:36:46,659 [steps/nnet3/train_raw_dnn.py:388 - train - INFO ] Iter: 140/255    Epoch: 6.00/11.0 (54.5% complete)    lr: 0.000854    shrink: 0.99146
2019-01-29 02:44:51,103 [steps/nnet3/train_raw_dnn.py:388 - train - INFO ] Iter: 141/255    Epoch: 6.04/11.0 (54.9% complete)    lr: 0.000847    shrink: 0.99153
2019-01-29 02:52:45,442 [steps/nnet3/train_raw_dnn.py:388 - train - INFO ] Iter: 142/255    Epoch: 6.09/11.0 (55.3% complete)    lr: 0.000839    shrink: 0.99161
2019-01-29 02:58:02,070 [steps/nnet3/train_raw_dnn.py:388 - train - INFO ] Iter: 143/255    Epoch: 6.13/11.0 (55.7% complete)    lr: 0.000832    shrink: 0.99168
2019-01-29 03:04:16,064 [steps/nnet3/train_raw_dnn.py:388 - train - INFO ] Iter: 144/255    Epoch: 6.17/11.0 (56.1% complete)    lr: 0.000824    shrink: 0.99176
2019-01-29 03:12:08,976 [steps/nnet3/train_raw_dnn.py:388 - train - INFO ] Iter: 145/255    Epoch: 6.21/11.0 (56.5% complete)    lr: 0.000817    shrink: 0.99183
2019-01-29 03:19:46,066 [steps/nnet3/train_raw_dnn.py:388 - train - INFO ] Iter: 146/255    Epoch: 6.26/11.0 (56.9% complete)    lr: 0.000810    shrink: 0.99190
2019-01-29 03:27:38,868 [steps/nnet3/train_raw_dnn.py:388 - train - INFO ] Iter: 147/255    Epoch: 6.30/11.0 (57.3% complete)    lr: 0.000802    shrink: 0.99198
2019-01-29 03:35:34,007 [steps/nnet3/train_raw_dnn.py:388 - train - INFO ] Iter: 148/255    Epoch: 6.34/11.0 (57.7% complete)    lr: 0.000795    shrink: 0.99205
2019-01-29 03:41:15,401 [steps/nnet3/train_raw_dnn.py:388 - train - INFO ] Iter: 149/255    Epoch: 6.39/11.0 (58.1% complete)    lr: 0.000788    shrink: 0.99212
2019-01-29 03:48:20,065 [steps/nnet3/train_raw_dnn.py:388 - train - INFO ] Iter: 150/255    Epoch: 6.43/11.0 (58.4% complete)    lr: 0.000781    shrink: 0.99219
2019-01-29 03:54:38,303 [steps/nnet3/train_raw_dnn.py:388 - train - INFO ] Iter: 151/255    Epoch: 6.47/11.0 (58.8% complete)    lr: 0.000774    shrink: 0.99226
2019-01-29 04:01:54,132 [steps/nnet3/train_raw_dnn.py:388 - train - INFO ] Iter: 152/255    Epoch: 6.51/11.0 (59.2% complete)    lr: 0.000767    shrink: 0.99233
2019-01-29 04:09:09,466 [steps/nnet3/train_raw_dnn.py:388 - train - INFO ] Iter: 153/255    Epoch: 6.56/11.0 (59.6% complete)    lr: 0.000760    shrink: 0.99240
2019-01-29 04:17:08,702 [steps/nnet3/train_raw_dnn.py:388 - train - INFO ] Iter: 154/255    Epoch: 6.60/11.0 (60.0% complete)    lr: 0.000754    shrink: 0.99246
2019-01-29 04:24:30,413 [steps/nnet3/train_raw_dnn.py:388 - train - INFO ] Iter: 155/255    Epoch: 6.64/11.0 (60.4% complete)    lr: 0.000747    shrink: 0.99253
2019-01-29 04:31:43,858 [steps/nnet3/train_raw_dnn.py:388 - train - INFO ] Iter: 156/255    Epoch: 6.69/11.0 (60.8% complete)    lr: 0.000740    shrink: 0.99260
2019-01-29 04:39:55,950 [steps/nnet3/train_raw_dnn.py:388 - train - INFO ] Iter: 157/255    Epoch: 6.73/11.0 (61.2% complete)    lr: 0.000734    shrink: 0.99266
2019-01-29 04:47:52,020 [steps/nnet3/train_raw_dnn.py:388 - train - INFO ] Iter: 158/255    Epoch: 6.77/11.0 (61.6% complete)    lr: 0.000727    shrink: 0.99273
2019-01-29 04:55:27,924 [steps/nnet3/train_raw_dnn.py:388 - train - INFO ] Iter: 159/255    Epoch: 6.81/11.0 (61.9% complete)    lr: 0.000721    shrink: 0.99279
2019-01-29 05:00:35,559 [steps/nnet3/train_raw_dnn.py:388 - train - INFO ] Iter: 160/255    Epoch: 6.86/11.0 (62.3% complete)    lr: 0.000714    shrink: 0.99286
2019-01-29 05:07:58,189 [steps/nnet3/train_raw_dnn.py:388 - train - INFO ] Iter: 161/255    Epoch: 6.90/11.0 (62.7% complete)    lr: 0.000708    shrink: 0.99292
2019-01-29 05:15:14,560 [steps/nnet3/train_raw_dnn.py:388 - train - INFO ] Iter: 162/255    Epoch: 6.94/11.0 (63.1% complete)    lr: 0.000701    shrink: 0.99299
2019-01-29 05:23:03,804 [steps/nnet3/train_raw_dnn.py:388 - train - INFO ] Iter: 163/255    Epoch: 6.99/11.0 (63.5% complete)    lr: 0.000695    shrink: 0.99305
2019-01-29 05:28:17,182 [steps/nnet3/train_raw_dnn.py:388 - train - INFO ] Iter: 164/255    Epoch: 7.03/11.0 (63.9% complete)    lr: 0.000689    shrink: 0.99311
2019-01-29 05:36:12,939 [steps/nnet3/train_raw_dnn.py:388 - train - INFO ] Iter: 165/255    Epoch: 7.07/11.0 (64.3% complete)    lr: 0.000683    shrink: 0.99317
2019-01-29 05:44:02,861 [steps/nnet3/train_raw_dnn.py:388 - train - INFO ] Iter: 166/255    Epoch: 7.11/11.0 (64.7% complete)    lr: 0.000677    shrink: 0.99323
2019-01-29 05:49:54,457 [steps/nnet3/train_raw_dnn.py:388 - train - INFO ] Iter: 167/255    Epoch: 7.16/11.0 (65.1% complete)    lr: 0.000671    shrink: 0.99329
2019-01-29 05:57:38,460 [steps/nnet3/train_raw_dnn.py:388 - train - INFO ] Iter: 168/255    Epoch: 7.20/11.0 (65.5% complete)    lr: 0.000665    shrink: 0.99335
2019-01-29 06:05:04,819 [steps/nnet3/train_raw_dnn.py:388 - train - INFO ] Iter: 169/255    Epoch: 7.24/11.0 (65.8% complete)    lr: 0.000659    shrink: 0.99341
2019-01-29 06:12:39,073 [steps/nnet3/train_raw_dnn.py:388 - train - INFO ] Iter: 170/255    Epoch: 7.29/11.0 (66.2% complete)    lr: 0.000653    shrink: 0.99347
2019-01-29 06:20:36,412 [steps/nnet3/train_raw_dnn.py:388 - train - INFO ] Iter: 171/255    Epoch: 7.33/11.0 (66.6% complete)    lr: 0.000647    shrink: 0.99353
2019-01-29 06:28:37,431 [steps/nnet3/train_raw_dnn.py:388 - train - INFO ] Iter: 172/255    Epoch: 7.37/11.0 (67.0% complete)    lr: 0.000641    shrink: 0.99359
2019-01-29 06:35:39,520 [steps/nnet3/train_raw_dnn.py:388 - train - INFO ] Iter: 173/255    Epoch: 7.41/11.0 (67.4% complete)    lr: 0.000635    shrink: 0.99365
2019-01-29 06:41:34,510 [steps/nnet3/train_raw_dnn.py:388 - train - INFO ] Iter: 174/255    Epoch: 7.46/11.0 (67.8% complete)    lr: 0.000630    shrink: 0.99370
2019-01-29 06:48:36,479 [steps/nnet3/train_raw_dnn.py:388 - train - INFO ] Iter: 175/255    Epoch: 7.50/11.0 (68.2% complete)    lr: 0.000624    shrink: 0.99376
2019-01-29 06:55:53,535 [steps/nnet3/train_raw_dnn.py:388 - train - INFO ] Iter: 176/255    Epoch: 7.54/11.0 (68.6% complete)    lr: 0.000619    shrink: 0.99381
2019-01-29 07:03:55,492 [steps/nnet3/train_raw_dnn.py:388 - train - INFO ] Iter: 177/255    Epoch: 7.59/11.0 (69.0% complete)    lr: 0.000613    shrink: 0.99387
2019-01-29 07:10:53,839 [steps/nnet3/train_raw_dnn.py:388 - train - INFO ] Iter: 178/255    Epoch: 7.63/11.0 (69.4% complete)    lr: 0.000608    shrink: 0.99392
2019-01-29 07:18:18,295 [steps/nnet3/train_raw_dnn.py:388 - train - INFO ] Iter: 179/255    Epoch: 7.67/11.0 (69.7% complete)    lr: 0.000602    shrink: 0.99398
2019-01-29 07:23:38,761 [steps/nnet3/train_raw_dnn.py:388 - train - INFO ] Iter: 180/255    Epoch: 7.71/11.0 (70.1% complete)    lr: 0.000597    shrink: 0.99403
2019-01-29 07:32:01,252 [steps/nnet3/train_raw_dnn.py:388 - train - INFO ] Iter: 181/255    Epoch: 7.76/11.0 (70.5% complete)    lr: 0.000591    shrink: 0.99409
2019-01-29 07:39:38,385 [steps/nnet3/train_raw_dnn.py:388 - train - INFO ] Iter: 182/255    Epoch: 7.80/11.0 (70.9% complete)    lr: 0.000586    shrink: 0.99414
2019-01-29 07:47:16,168 [steps/nnet3/train_raw_dnn.py:388 - train - INFO ] Iter: 183/255    Epoch: 7.84/11.0 (71.3% complete)    lr: 0.000581    shrink: 0.99419
2019-01-29 07:52:00,472 [steps/nnet3/train_raw_dnn.py:388 - train - INFO ] Iter: 184/255    Epoch: 7.89/11.0 (71.7% complete)    lr: 0.000576    shrink: 0.99424
2019-01-29 07:59:12,172 [steps/nnet3/train_raw_dnn.py:388 - train - INFO ] Iter: 185/255    Epoch: 7.93/11.0 (72.1% complete)    lr: 0.000571    shrink: 0.99429
2019-01-29 08:06:10,068 [steps/nnet3/train_raw_dnn.py:388 - train - INFO ] Iter: 186/255    Epoch: 7.97/11.0 (72.5% complete)    lr: 0.000566    shrink: 0.99434
2019-01-29 08:14:12,283 [steps/nnet3/train_raw_dnn.py:388 - train - INFO ] Iter: 187/255    Epoch: 8.01/11.0 (72.9% complete)    lr: 0.000560    shrink: 0.99440
2019-01-29 08:22:03,207 [steps/nnet3/train_raw_dnn.py:388 - train - INFO ] Iter: 188/255    Epoch: 8.06/11.0 (73.2% complete)    lr: 0.000555    shrink: 0.99445
2019-01-29 08:29:54,676 [steps/nnet3/train_raw_dnn.py:388 - train - INFO ] Iter: 189/255    Epoch: 8.10/11.0 (73.6% complete)    lr: 0.000551    shrink: 0.99449
2019-01-29 08:35:46,455 [steps/nnet3/train_raw_dnn.py:388 - train - INFO ] Iter: 190/255    Epoch: 8.14/11.0 (74.0% complete)    lr: 0.000546    shrink: 0.99454
2019-01-29 08:42:51,802 [steps/nnet3/train_raw_dnn.py:388 - train - INFO ] Iter: 191/255    Epoch: 8.19/11.0 (74.4% complete)    lr: 0.000541    shrink: 0.99459
2019-01-29 08:50:37,309 [steps/nnet3/train_raw_dnn.py:388 - train - INFO ] Iter: 192/255    Epoch: 8.23/11.0 (74.8% complete)    lr: 0.000536    shrink: 0.99464
2019-01-29 08:58:08,030 [steps/nnet3/train_raw_dnn.py:388 - train - INFO ] Iter: 193/255    Epoch: 8.27/11.0 (75.2% complete)    lr: 0.000531    shrink: 0.99469
2019-01-29 09:05:55,902 [steps/nnet3/train_raw_dnn.py:388 - train - INFO ] Iter: 194/255    Epoch: 8.31/11.0 (75.6% complete)    lr: 0.000526    shrink: 0.99474
2019-01-29 09:13:55,041 [steps/nnet3/train_raw_dnn.py:388 - train - INFO ] Iter: 195/255    Epoch: 8.36/11.0 (76.0% complete)    lr: 0.000522    shrink: 0.99478
2019-01-29 09:19:42,294 [steps/nnet3/train_raw_dnn.py:388 - train - INFO ] Iter: 196/255    Epoch: 8.40/11.0 (76.4% complete)    lr: 0.000517    shrink: 0.99483
2019-01-29 09:26:50,044 [steps/nnet3/train_raw_dnn.py:388 - train - INFO ] Iter: 197/255    Epoch: 8.44/11.0 (76.8% complete)    lr: 0.000512    shrink: 0.99488
2019-01-29 09:32:52,143 [steps/nnet3/train_raw_dnn.py:388 - train - INFO ] Iter: 198/255    Epoch: 8.49/11.0 (77.1% complete)    lr: 0.000508    shrink: 0.99492
2019-01-29 09:40:09,849 [steps/nnet3/train_raw_dnn.py:388 - train - INFO ] Iter: 199/255    Epoch: 8.53/11.0 (77.5% complete)    lr: 0.000503    shrink: 0.99497
2019-01-29 09:47:17,258 [steps/nnet3/train_raw_dnn.py:388 - train - INFO ] Iter: 200/255    Epoch: 8.57/11.0 (77.9% complete)    lr: 0.000499    shrink: 0.99501
2019-01-29 09:55:35,175 [steps/nnet3/train_raw_dnn.py:388 - train - INFO ] Iter: 201/255    Epoch: 8.61/11.0 (78.3% complete)    lr: 0.000494    shrink: 0.99506
2019-01-29 10:02:56,468 [steps/nnet3/train_raw_dnn.py:388 - train - INFO ] Iter: 202/255    Epoch: 8.66/11.0 (78.7% complete)    lr: 0.000490    shrink: 0.99510
2019-01-29 10:09:00,511 [steps/nnet3/train_raw_dnn.py:388 - train - INFO ] Iter: 203/255    Epoch: 8.70/11.0 (79.1% complete)    lr: 0.000486    shrink: 0.99514
2019-01-29 10:17:14,290 [steps/nnet3/train_raw_dnn.py:388 - train - INFO ] Iter: 204/255    Epoch: 8.74/11.0 (79.5% complete)    lr: 0.000481    shrink: 0.99519
2019-01-29 10:25:12,296 [steps/nnet3/train_raw_dnn.py:388 - train - INFO ] Iter: 205/255    Epoch: 8.79/11.0 (79.9% complete)    lr: 0.000477    shrink: 0.99523
2019-01-29 10:32:51,809 [steps/nnet3/train_raw_dnn.py:388 - train - INFO ] Iter: 206/255    Epoch: 8.83/11.0 (80.3% complete)    lr: 0.000473    shrink: 0.99527
2019-01-29 10:37:53,849 [steps/nnet3/train_raw_dnn.py:388 - train - INFO ] Iter: 207/255    Epoch: 8.87/11.0 (80.6% complete)    lr: 0.000468    shrink: 0.99532
2019-01-29 10:45:07,263 [steps/nnet3/train_raw_dnn.py:388 - train - INFO ] Iter: 208/255    Epoch: 8.91/11.0 (81.0% complete)    lr: 0.000464    shrink: 0.99536
2019-01-29 10:52:05,176 [steps/nnet3/train_raw_dnn.py:388 - train - INFO ] Iter: 209/255    Epoch: 8.96/11.0 (81.4% complete)    lr: 0.000460    shrink: 0.99540
2019-01-29 11:00:04,608 [steps/nnet3/train_raw_dnn.py:388 - train - INFO ] Iter: 210/255    Epoch: 9.00/11.0 (81.8% complete)    lr: 0.000456    shrink: 0.99544
2019-01-29 11:08:26,843 [steps/nnet3/train_raw_dnn.py:388 - train - INFO ] Iter: 211/255    Epoch: 9.04/11.0 (82.2% complete)    lr: 0.000452    shrink: 0.99548
2019-01-29 11:16:24,038 [steps/nnet3/train_raw_dnn.py:388 - train - INFO ] Iter: 212/255    Epoch: 9.09/11.0 (82.6% complete)    lr: 0.000448    shrink: 0.99552
2019-01-29 11:21:44,535 [steps/nnet3/train_raw_dnn.py:388 - train - INFO ] Iter: 213/255    Epoch: 9.13/11.0 (83.0% complete)    lr: 0.000444    shrink: 0.99556
2019-01-29 11:28:04,364 [steps/nnet3/train_raw_dnn.py:388 - train - INFO ] Iter: 214/255    Epoch: 9.17/11.0 (83.4% complete)    lr: 0.000440    shrink: 0.99560
2019-01-29 11:35:48,017 [steps/nnet3/train_raw_dnn.py:388 - train - INFO ] Iter: 215/255    Epoch: 9.21/11.0 (83.8% complete)    lr: 0.000436    shrink: 0.99564
2019-01-29 11:43:24,602 [steps/nnet3/train_raw_dnn.py:388 - train - INFO ] Iter: 216/255    Epoch: 9.26/11.0 (84.2% complete)    lr: 0.000432    shrink: 0.99568
2019-01-29 11:51:17,462 [steps/nnet3/train_raw_dnn.py:388 - train - INFO ] Iter: 217/255    Epoch: 9.30/11.0 (84.5% complete)    lr: 0.000428    shrink: 0.99572
2019-01-29 11:59:12,433 [steps/nnet3/train_raw_dnn.py:388 - train - INFO ] Iter: 218/255    Epoch: 9.34/11.0 (84.9% complete)    lr: 0.000424    shrink: 0.99576
2019-01-29 12:05:12,391 [steps/nnet3/train_raw_dnn.py:388 - train - INFO ] Iter: 219/255    Epoch: 9.39/11.0 (85.3% complete)    lr: 0.000421    shrink: 0.99579
2019-01-29 12:12:27,029 [steps/nnet3/train_raw_dnn.py:388 - train - INFO ] Iter: 220/255    Epoch: 9.43/11.0 (85.7% complete)    lr: 0.000417    shrink: 0.99583
2019-01-29 12:18:51,387 [steps/nnet3/train_raw_dnn.py:388 - train - INFO ] Iter: 221/255    Epoch: 9.47/11.0 (86.1% complete)    lr: 0.000413    shrink: 0.99587
2019-01-29 12:26:07,944 [steps/nnet3/train_raw_dnn.py:388 - train - INFO ] Iter: 222/255    Epoch: 9.51/11.0 (86.5% complete)    lr: 0.000409    shrink: 0.99591
2019-01-29 12:33:36,780 [steps/nnet3/train_raw_dnn.py:388 - train - INFO ] Iter: 223/255    Epoch: 9.56/11.0 (86.9% complete)    lr: 0.000406    shrink: 0.99594
2019-01-29 12:41:35,688 [steps/nnet3/train_raw_dnn.py:388 - train - INFO ] Iter: 224/255    Epoch: 9.60/11.0 (87.3% complete)    lr: 0.000402    shrink: 0.99598
2019-01-29 12:48:57,544 [steps/nnet3/train_raw_dnn.py:388 - train - INFO ] Iter: 225/255    Epoch: 9.64/11.0 (87.7% complete)    lr: 0.000399    shrink: 0.99601
2019-01-29 12:56:26,479 [steps/nnet3/train_raw_dnn.py:388 - train - INFO ] Iter: 226/255    Epoch: 9.69/11.0 (88.1% complete)    lr: 0.000395    shrink: 0.99605
2019-01-29 13:04:35,985 [steps/nnet3/train_raw_dnn.py:388 - train - INFO ] Iter: 227/255    Epoch: 9.73/11.0 (88.4% complete)    lr: 0.000391    shrink: 0.99609
2019-01-29 13:12:37,154 [steps/nnet3/train_raw_dnn.py:388 - train - INFO ] Iter: 228/255    Epoch: 9.77/11.0 (88.8% complete)    lr: 0.000388    shrink: 0.99612
2019-01-29 13:20:16,673 [steps/nnet3/train_raw_dnn.py:388 - train - INFO ] Iter: 229/255    Epoch: 9.81/11.0 (89.2% complete)    lr: 0.000385    shrink: 0.99615
2019-01-29 13:25:20,041 [steps/nnet3/train_raw_dnn.py:388 - train - INFO ] Iter: 230/255    Epoch: 9.86/11.0 (89.6% complete)    lr: 0.000381    shrink: 0.99619
2019-01-29 13:32:38,077 [steps/nnet3/train_raw_dnn.py:388 - train - INFO ] Iter: 231/255    Epoch: 9.90/11.0 (90.0% complete)    lr: 0.000378    shrink: 0.99622
2019-01-29 13:39:54,017 [steps/nnet3/train_raw_dnn.py:388 - train - INFO ] Iter: 232/255    Epoch: 9.94/11.0 (90.4% complete)    lr: 0.000374    shrink: 0.99626
2019-01-29 13:47:52,189 [steps/nnet3/train_raw_dnn.py:388 - train - INFO ] Iter: 233/255    Epoch: 9.99/11.0 (90.8% complete)    lr: 0.000371    shrink: 0.99629
2019-01-29 13:53:00,000 [steps/nnet3/train_raw_dnn.py:388 - train - INFO ] Iter: 234/255    Epoch: 10.03/11.0 (91.2% complete)    lr: 0.000368    shrink: 0.99632
2019-01-29 14:00:55,993 [steps/nnet3/train_raw_dnn.py:388 - train - INFO ] Iter: 235/255    Epoch: 10.07/11.0 (91.6% complete)    lr: 0.000364    shrink: 0.99636
2019-01-29 14:08:48,354 [steps/nnet3/train_raw_dnn.py:388 - train - INFO ] Iter: 236/255    Epoch: 10.11/11.0 (91.9% complete)    lr: 0.000361    shrink: 0.99639
2019-01-29 14:14:35,612 [steps/nnet3/train_raw_dnn.py:388 - train - INFO ] Iter: 237/255    Epoch: 10.16/11.0 (92.3% complete)    lr: 0.000358    shrink: 0.99642
2019-01-29 14:22:21,335 [steps/nnet3/train_raw_dnn.py:388 - train - INFO ] Iter: 238/255    Epoch: 10.20/11.0 (92.7% complete)    lr: 0.000355    shrink: 0.99645
2019-01-29 14:29:50,470 [steps/nnet3/train_raw_dnn.py:388 - train - INFO ] Iter: 239/255    Epoch: 10.24/11.0 (93.1% complete)    lr: 0.000352    shrink: 0.99648
2019-01-29 14:37:22,561 [steps/nnet3/train_raw_dnn.py:388 - train - INFO ] Iter: 240/255    Epoch: 10.29/11.0 (93.5% complete)    lr: 0.000348    shrink: 0.99652
2019-01-29 14:45:17,341 [steps/nnet3/train_raw_dnn.py:388 - train - INFO ] Iter: 241/255    Epoch: 10.33/11.0 (93.9% complete)    lr: 0.000345    shrink: 0.99655
2019-01-29 14:53:13,470 [steps/nnet3/train_raw_dnn.py:388 - train - INFO ] Iter: 242/255    Epoch: 10.37/11.0 (94.3% complete)    lr: 0.000342    shrink: 0.99658
2019-01-29 15:00:19,457 [steps/nnet3/train_raw_dnn.py:388 - train - INFO ] Iter: 243/255    Epoch: 10.41/11.0 (94.7% complete)    lr: 0.000339    shrink: 0.99661
2019-01-29 15:06:16,222 [steps/nnet3/train_raw_dnn.py:388 - train - INFO ] Iter: 244/255    Epoch: 10.46/11.0 (95.1% complete)    lr: 0.000336    shrink: 0.99664
2019-01-29 15:13:19,001 [steps/nnet3/train_raw_dnn.py:388 - train - INFO ] Iter: 245/255    Epoch: 10.50/11.0 (95.5% complete)    lr: 0.000333    shrink: 0.99667
2019-01-29 15:20:35,231 [steps/nnet3/train_raw_dnn.py:388 - train - INFO ] Iter: 246/255    Epoch: 10.54/11.0 (95.8% complete)    lr: 0.000330    shrink: 0.99670
2019-01-29 15:28:48,504 [steps/nnet3/train_raw_dnn.py:388 - train - INFO ] Iter: 247/255    Epoch: 10.59/11.0 (96.2% complete)    lr: 0.000327    shrink: 0.99673
2019-01-29 15:35:49,334 [steps/nnet3/train_raw_dnn.py:388 - train - INFO ] Iter: 248/255    Epoch: 10.63/11.0 (96.6% complete)    lr: 0.000324    shrink: 0.99676
2019-01-29 15:43:25,085 [steps/nnet3/train_raw_dnn.py:388 - train - INFO ] Iter: 249/255    Epoch: 10.67/11.0 (97.0% complete)    lr: 0.000321    shrink: 0.99679
2019-01-29 15:48:45,027 [steps/nnet3/train_raw_dnn.py:388 - train - INFO ] Iter: 250/255    Epoch: 10.71/11.0 (97.4% complete)    lr: 0.000318    shrink: 0.99682
2019-01-29 15:57:01,001 [steps/nnet3/train_raw_dnn.py:388 - train - INFO ] Iter: 251/255    Epoch: 10.76/11.0 (97.8% complete)    lr: 0.000316    shrink: 0.99684
2019-01-29 16:04:40,727 [steps/nnet3/train_raw_dnn.py:388 - train - INFO ] Iter: 252/255    Epoch: 10.80/11.0 (98.2% complete)    lr: 0.000313    shrink: 0.99687
2019-01-29 16:12:23,490 [steps/nnet3/train_raw_dnn.py:388 - train - INFO ] Iter: 253/255    Epoch: 10.84/11.0 (98.6% complete)    lr: 0.000310    shrink: 0.99690
2019-01-29 16:17:03,724 [steps/nnet3/train_raw_dnn.py:388 - train - INFO ] Iter: 254/255    Epoch: 10.89/11.0 (99.0% complete)    lr: 0.000307    shrink: 0.99693
2019-01-29 16:24:18,401 [steps/nnet3/train_raw_dnn.py:388 - train - INFO ] Iter: 255/255    Epoch: 10.93/11.0 (99.4% complete)    lr: 0.000300    shrink: 0.99700
2019-01-29 16:31:13,097 [steps/nnet3/train_raw_dnn.py:440 - train - INFO ] Doing final combination to produce final.raw
2019-01-29 16:31:13,097 [steps/libs/nnet3/train/frame_level_objf/common.py:491 - combine_models - INFO ] Combining {256, 237, 238, 239, 240, 241, 242, 243, 244, 245, 246, 247, 248, 249, 250, 251, 252, 253, 254, 255} models.
2019-01-29 16:35:25,757 [steps/nnet3/train_raw_dnn.py:462 - train - INFO ] Cleaning up the experiment directory /home/s1513472/lid/epochs11/nnet
/home/s1513472/lid/epochs11/nnet: num-iters=256 nj=3..3 num-params=4.5M dim=23->19 combine=-0.02->-0.02 (over 5) loglike:train/valid[169,255]=(-0.037,-0.025/-0.147,-0.115) accuracy:train/valid[169,255]=(1.0000,1.0000/0.941,0.941)
steps/nnet3/train_raw_dnn.py --stage=-1 --cmd=slurm.pl --trainer.optimization.proportional-shrink 10 --trainer.optimization.momentum=0.5 --trainer.optimization.num-jobs-initial=3 --trainer.optimization.num-jobs-final=3 --trainer.optimization.initial-effective-lrate=0.001 --trainer.optimization.final-effective-lrate=0.0001 --trainer.optimization.minibatch-size=64 --trainer.srand=123 --trainer.max-param-change=2 --trainer.num-epochs=11 --trainer.dropout-schedule=0,0@0.20,0.1@0.50,0 --trainer.shuffle-buffer-size=1000 --egs.frames-per-eg=1 --egs.dir=/home/s1513472/lid/baseline/nnet/egs --cleanup.remove-egs false --cleanup.preserve-model-interval=10 --use-gpu=true --dir=/home/s1513472/lid/epochs11/nnet
['steps/nnet3/train_raw_dnn.py', '--stage=-1', '--cmd=slurm.pl', '--trainer.optimization.proportional-shrink', '10', '--trainer.optimization.momentum=0.5', '--trainer.optimization.num-jobs-initial=3', '--trainer.optimization.num-jobs-final=3', '--trainer.optimization.initial-effective-lrate=0.001', '--trainer.optimization.final-effective-lrate=0.0001', '--trainer.optimization.minibatch-size=64', '--trainer.srand=123', '--trainer.max-param-change=2', '--trainer.num-epochs=11', '--trainer.dropout-schedule=0,0@0.20,0.1@0.50,0', '--trainer.shuffle-buffer-size=1000', '--egs.frames-per-eg=1', '--egs.dir=/home/s1513472/lid/baseline/nnet/egs', '--cleanup.remove-egs', 'false', '--cleanup.preserve-model-interval=10', '--use-gpu=true', '--dir=/home/s1513472/lid/epochs11/nnet']
Finished stage 4.
./run.sh: line 11: CRICHTON_DEBUG: unbound variable
#### STAGE 7: Extracting X-vectors from the trained DNN. ####
./local/extract_xvectors.sh --cmd slurm.pl --mem 6G --use-gpu true --nj 32 --stage 0 /home/s1513472/lid/epochs11/nnet /home/s1513472/lid/baseline/enroll /home/s1513472/lid/epochs11/exp/xvectors_enroll
./local/extract_xvectors.sh --cmd slurm.pl --mem 6G --use-gpu true --nj 32 --stage 0 /home/s1513472/lid/epochs11/nnet /home/s1513472/lid/baseline/eval /home/s1513472/lid/epochs11/exp/xvectors_eval
Conda environment 'lid' active.
Conda environment 'lid' active.
./local/extract_xvectors.sh: using /home/s1513472/lid/epochs11/nnet/extract.config to extract xvectors
./local/extract_xvectors.sh: using /home/s1513472/lid/epochs11/nnet/extract.config to extract xvectors
./local/extract_xvectors.sh: extracting xvectors for /home/s1513472/lid/baseline/eval
./local/extract_xvectors.sh: extracting xvectors from nnet
./local/extract_xvectors.sh: extracting xvectors for /home/s1513472/lid/baseline/enroll
./local/extract_xvectors.sh: extracting xvectors from nnet
./local/extract_xvectors.sh: combining xvectors across jobs
./local/extract_xvectors.sh: computing mean of xvectors for each language
./local/extract_xvectors.sh: combining xvectors across jobs
./local/extract_xvectors.sh: computing mean of xvectors for each language
Finished stage 7.
#### STAGE 8: Training logistic regression classifier and classifying test utterances. ####
Finished stage 8.
#### STAGE 9: Calculating results. ####
Accuracy: 0.953 (19390/20349 classified correctly)
Confusion matrix:
    AR   BG   CH   CR   CZ   FR   GE   JA   KO   PL   PO   RU   SP   SW   TA   TH   TU   WU   VN  
AR  786  0    1    0    1    0    2    1    0    1    2    17   9    2    0    0    2    0    0   
BG  1    1199 0    4    0    0    0    0    0    6    2    19   0    0    0    0    1    0    0   
CH  0    0    1033 0    0    0    0    0    12   1    10   1    2    1    0    1    0    1    0   
CR  1    0    0    943  1    0    0    0    0    33   0    18   21   8    0    0    3    0    0   
CZ  0    1    0    0    1267 0    1    0    0    69   0    1    2    2    0    2    0    1    1   
FR  0    0    0    0    0    1081 0    0    0    2    0    0    0    0    0    0    2    2    0   
GE  19   0    4    0    18   0    1098 1    0    2    10   6    0    5    0    0    9    0    0   
JA  3    0    11   0    1    0    0    410  36   0    10   5    6    1    0    1    6    0    0   
KO  0    0    1    0    1    0    0    16   1117 0    0    3    17   15   0    0    0    1    0   
PL  1    1    0    0    0    0    3    0    0    1464 6    33   0    0    3    1    0    0    1   
PO  2    0    1    4    1    0    2    0    0    2    858  17   13   22   0    0    1    0    1   
RU  1    0    1    39   4    1    0    2    0    5    6    1615 13   3    1    0    5    4    0   
SP  10   1    0    6    0    1    1    1    4    1    29   15   1014 30   1    1    2    0    1   
SW  3    0    0    9    1    1    0    0    0    1    1    7    14   1307 0    0    3    0    0   
TA  0    0    0    0    0    0    0    1    0    0    0    3    0    0    410  0    0    0    0   
TH  1    0    0    0    0    0    0    0    0    0    0    0    0    0    0    1321 0    0    0   
TU  0    2    0    44   2    0    0    0    2    13   14   29   5    3    0    0    975  0    1   
WU  0    0    4    1    0    0    0    0    0    0    0    3    4    2    0    0    0    333  0   
VN  0    0    1    0    0    0    0    0    0    0    0    0    0    0    0    1    0    0    1159
C_primary value: 0.062
Finished stage 9.
