Obtaining renewable credentials, you will be asked to type in your password
Password for s1513472@INF.ED.AC.UK: 
Running job "./run.sh --exp-config=conf/exp_configs/epochs12.conf" for maximum of 28 days in background
Waiting for job to start...
+++++++++++++++++++++++++++++++++++++++++++++++++++++++++++++++++++++++++
 	 This shell script runs the GlobalPhone+X-vectors recipe.
 	 Use like this: ./run.sh <options>
 	 --stage=INT		Stage from which to start
 	 --run-all=(false|true)	Whether to run all stages
 	 			or just the specified one
 	 --experiment=STR	Experiment name (also name of directory 
 	 			where all files will be stored).
 	 			Default: 'baseline'.
 	 --exp-config=FILE	Config file with all kinds of options,
 	 			see conf/exp_default.conf for an example.
 	 			NOTE: Where arguments are passed on the command line,
 	 			the values overwrite those found in the config file.

 	 If no stage number is provided, either all stages
 	 will be run (--run-all=true) or no stages at all.
 +++++++++++++++++++++++++++++++++++++++++++++++++++++++++++++++++++++++++
Running experiment: 'epochs12'
Running all stages starting with 4.
Running on the cluster.
Conda environment not activated, sourcing ~/.bashrc and activating the 'lid' env.
Using shorten (v3.6.1) from ~/language-ident-from-speech/gp-xvectors-recipe/tools/shorten-3.6.1/bin/shorten
Using sox (v14.3.2) from ~/language-ident-from-speech/gp-xvectors-recipe/tools/sox-14.3.2/bin/sox
Conda environment not activated, sourcing ~/.bashrc and activating the 'lid' env.
Using preprocessed data	from: /home/s1513472/lid/baseline
The experiment directory is: /home/s1513472/lid/epochs12
Running with languages: AR BG CH CR CZ FR GE JA KO PL PO RU SP SW TA TH TU WU VN
#### STAGE 4: Training the X-vector DNN. ####
Running on the cluster.
Conda environment 'lid' active.
Running on the cluster.
/home/s1513472/lid/baseline/nnet_train_data
/home/s1513472/lid/baseline/nnet/egs
#### STAGE 5: Creating NN configs using the xconfig parser. ####
./local/run_xvector.sh: creating neural net configs using the xconfig parser
nnet3-init /home/s1513472/lid/epochs12/nnet/configs/ref.config /home/s1513472/lid/epochs12/nnet/configs/ref.raw 
LOG (nnet3-init[5.5.142~5-ff514]:main():nnet3-init.cc:80) Initialized raw neural net and wrote it to /home/s1513472/lid/epochs12/nnet/configs/ref.raw
nnet3-info /home/s1513472/lid/epochs12/nnet/configs/ref.raw 
nnet3-init /home/s1513472/lid/epochs12/nnet/configs/ref.config /home/s1513472/lid/epochs12/nnet/configs/ref.raw 
LOG (nnet3-init[5.5.142~5-ff514]:main():nnet3-init.cc:80) Initialized raw neural net and wrote it to /home/s1513472/lid/epochs12/nnet/configs/ref.raw
nnet3-info /home/s1513472/lid/epochs12/nnet/configs/ref.raw 
steps/nnet3/xconfig_to_configs.py --xconfig-file /home/s1513472/lid/epochs12/nnet/configs/network.xconfig --config-dir /home/s1513472/lid/epochs12/nnet/configs
#### STAGE 6: Training the network. ####
2019-01-28 09:15:58,273 [steps/nnet3/train_raw_dnn.py:35 - <module> - INFO ] Starting raw DNN trainer (train_raw_dnn.py)
2019-01-28 09:15:58,502 [steps/nnet3/train_raw_dnn.py:156 - process_args - WARNING ] You are running with one thread but you have not compiled
                   for CUDA.  You may be running a setup optimized for GPUs.
                   If you have GPUs and have nvcc installed, go to src/ and do
                   ./configure; make
2019-01-28 09:15:58,504 [steps/nnet3/train_raw_dnn.py:195 - train - INFO ] Arguments for the experiment
{'backstitch_training_interval': 1,
 'backstitch_training_scale': 0.0,
 'cleanup': True,
 'cmvn_opts': None,
 'combine_sum_to_one_penalty': 0.0,
 'command': 'slurm.pl',
 'compute_average_posteriors': False,
 'compute_per_dim_accuracy': False,
 'dir': '/home/s1513472/lid/epochs12/nnet',
 'do_final_combination': True,
 'dropout_schedule': '0,0@0.20,0.1@0.50,0',
 'egs_command': None,
 'egs_dir': '/home/s1513472/lid/baseline/nnet/egs',
 'egs_opts': None,
 'egs_stage': 0,
 'email': None,
 'exit_stage': None,
 'feat_dir': None,
 'final_effective_lrate': 0.0001,
 'frames_per_eg': 1,
 'image_augmentation_opts': None,
 'initial_effective_lrate': 0.001,
 'input_model': None,
 'max_lda_jobs': 10,
 'max_models_combine': 20,
 'max_objective_evaluations': 30,
 'max_param_change': 2.0,
 'minibatch_size': '64',
 'momentum': 0.5,
 'nj': 4,
 'num_epochs': 12.0,
 'num_jobs_compute_prior': 10,
 'num_jobs_final': 3,
 'num_jobs_initial': 3,
 'online_ivector_dir': None,
 'preserve_model_interval': 10,
 'presoftmax_prior_scale_power': -0.25,
 'prior_subset_size': 20000,
 'proportional_shrink': 10.0,
 'rand_prune': 4.0,
 'remove_egs': False,
 'reporting_interval': 0.1,
 'samples_per_iter': 400000,
 'shuffle_buffer_size': 1000,
 'srand': 123,
 'stage': -1,
 'targets_scp': None,
 'train_opts': [],
 'use_dense_targets': True,
 'use_gpu': 'yes'}
2019-01-28 09:15:58,535 [steps/nnet3/train_raw_dnn.py:315 - train - INFO ] Preparing the initial network.
Job started successfully
2019-01-28 09:16:10,014 [steps/nnet3/train_raw_dnn.py:353 - train - INFO ] Training will run for 12.0 epochs = 280 iterations
2019-01-28 09:16:10,014 [steps/nnet3/train_raw_dnn.py:388 - train - INFO ] Iter: 0/279    Epoch: 0.00/12.0 (0.0% complete)    lr: 0.003000    shrink: 0.97000
2019-01-28 09:23:47,315 [steps/nnet3/train_raw_dnn.py:388 - train - INFO ] Iter: 1/279    Epoch: 0.04/12.0 (0.4% complete)    lr: 0.002975    shrink: 0.97025
2019-01-28 09:31:39,644 [steps/nnet3/train_raw_dnn.py:388 - train - INFO ] Iter: 2/279    Epoch: 0.09/12.0 (0.7% complete)    lr: 0.002951    shrink: 0.97049
2019-01-28 09:37:00,918 [steps/nnet3/train_raw_dnn.py:388 - train - INFO ] Iter: 3/279    Epoch: 0.13/12.0 (1.1% complete)    lr: 0.002927    shrink: 0.97073
2019-01-28 09:43:28,750 [steps/nnet3/train_raw_dnn.py:388 - train - INFO ] Iter: 4/279    Epoch: 0.17/12.0 (1.4% complete)    lr: 0.002903    shrink: 0.97097
2019-01-28 09:51:11,365 [steps/nnet3/train_raw_dnn.py:388 - train - INFO ] Iter: 5/279    Epoch: 0.21/12.0 (1.8% complete)    lr: 0.002879    shrink: 0.97121
2019-01-28 09:58:39,449 [steps/nnet3/train_raw_dnn.py:388 - train - INFO ] Iter: 6/279    Epoch: 0.26/12.0 (2.1% complete)    lr: 0.002856    shrink: 0.97144
2019-01-28 10:06:26,369 [steps/nnet3/train_raw_dnn.py:388 - train - INFO ] Iter: 7/279    Epoch: 0.30/12.0 (2.5% complete)    lr: 0.002832    shrink: 0.97168
2019-01-28 10:14:19,937 [steps/nnet3/train_raw_dnn.py:388 - train - INFO ] Iter: 8/279    Epoch: 0.34/12.0 (2.9% complete)    lr: 0.002809    shrink: 0.97191
2019-01-28 10:20:04,721 [steps/nnet3/train_raw_dnn.py:388 - train - INFO ] Iter: 9/279    Epoch: 0.39/12.0 (3.2% complete)    lr: 0.002786    shrink: 0.97214
2019-01-28 10:27:08,185 [steps/nnet3/train_raw_dnn.py:388 - train - INFO ] Iter: 10/279    Epoch: 0.43/12.0 (3.6% complete)    lr: 0.002763    shrink: 0.97237
2019-01-28 10:33:27,269 [steps/nnet3/train_raw_dnn.py:388 - train - INFO ] Iter: 11/279    Epoch: 0.47/12.0 (3.9% complete)    lr: 0.002741    shrink: 0.97259
2019-01-28 10:40:28,646 [steps/nnet3/train_raw_dnn.py:388 - train - INFO ] Iter: 12/279    Epoch: 0.51/12.0 (4.3% complete)    lr: 0.002718    shrink: 0.97282
2019-01-28 10:47:43,856 [steps/nnet3/train_raw_dnn.py:388 - train - INFO ] Iter: 13/279    Epoch: 0.56/12.0 (4.6% complete)    lr: 0.002696    shrink: 0.97304
2019-01-28 10:55:43,162 [steps/nnet3/train_raw_dnn.py:388 - train - INFO ] Iter: 14/279    Epoch: 0.60/12.0 (5.0% complete)    lr: 0.002674    shrink: 0.97326
2019-01-28 11:03:02,955 [steps/nnet3/train_raw_dnn.py:388 - train - INFO ] Iter: 15/279    Epoch: 0.64/12.0 (5.4% complete)    lr: 0.002652    shrink: 0.97348
2019-01-28 11:10:13,765 [steps/nnet3/train_raw_dnn.py:388 - train - INFO ] Iter: 16/279    Epoch: 0.69/12.0 (5.7% complete)    lr: 0.002630    shrink: 0.97370
2019-01-28 11:18:24,049 [steps/nnet3/train_raw_dnn.py:388 - train - INFO ] Iter: 17/279    Epoch: 0.73/12.0 (6.1% complete)    lr: 0.002609    shrink: 0.97391
2019-01-28 11:26:20,162 [steps/nnet3/train_raw_dnn.py:388 - train - INFO ] Iter: 18/279    Epoch: 0.77/12.0 (6.4% complete)    lr: 0.002587    shrink: 0.97413
2019-01-28 11:33:54,815 [steps/nnet3/train_raw_dnn.py:388 - train - INFO ] Iter: 19/279    Epoch: 0.81/12.0 (6.8% complete)    lr: 0.002566    shrink: 0.97434
2019-01-28 11:38:49,262 [steps/nnet3/train_raw_dnn.py:388 - train - INFO ] Iter: 20/279    Epoch: 0.86/12.0 (7.1% complete)    lr: 0.002545    shrink: 0.97455
2019-01-28 11:45:51,009 [steps/nnet3/train_raw_dnn.py:388 - train - INFO ] Iter: 21/279    Epoch: 0.90/12.0 (7.5% complete)    lr: 0.002524    shrink: 0.97476
2019-01-28 11:53:04,789 [steps/nnet3/train_raw_dnn.py:388 - train - INFO ] Iter: 22/279    Epoch: 0.94/12.0 (7.9% complete)    lr: 0.002504    shrink: 0.97496
2019-01-28 12:00:52,160 [steps/nnet3/train_raw_dnn.py:388 - train - INFO ] Iter: 23/279    Epoch: 0.99/12.0 (8.2% complete)    lr: 0.002483    shrink: 0.97517
2019-01-28 12:05:59,038 [steps/nnet3/train_raw_dnn.py:388 - train - INFO ] Iter: 24/279    Epoch: 1.03/12.0 (8.6% complete)    lr: 0.002463    shrink: 0.97537
2019-01-28 12:13:54,446 [steps/nnet3/train_raw_dnn.py:388 - train - INFO ] Iter: 25/279    Epoch: 1.07/12.0 (8.9% complete)    lr: 0.002443    shrink: 0.97557
2019-01-28 12:21:44,737 [steps/nnet3/train_raw_dnn.py:388 - train - INFO ] Iter: 26/279    Epoch: 1.11/12.0 (9.3% complete)    lr: 0.002423    shrink: 0.97577
2019-01-28 12:27:32,602 [steps/nnet3/train_raw_dnn.py:388 - train - INFO ] Iter: 27/279    Epoch: 1.16/12.0 (9.6% complete)    lr: 0.002403    shrink: 0.97597
2019-01-28 12:35:28,415 [steps/nnet3/train_raw_dnn.py:388 - train - INFO ] Iter: 28/279    Epoch: 1.20/12.0 (10.0% complete)    lr: 0.002383    shrink: 0.97617
2019-01-28 12:42:45,561 [steps/nnet3/train_raw_dnn.py:388 - train - INFO ] Iter: 29/279    Epoch: 1.24/12.0 (10.4% complete)    lr: 0.002363    shrink: 0.97637
2019-01-28 12:50:31,762 [steps/nnet3/train_raw_dnn.py:388 - train - INFO ] Iter: 30/279    Epoch: 1.29/12.0 (10.7% complete)    lr: 0.002344    shrink: 0.97656
2019-01-28 12:58:36,335 [steps/nnet3/train_raw_dnn.py:388 - train - INFO ] Iter: 31/279    Epoch: 1.33/12.0 (11.1% complete)    lr: 0.002325    shrink: 0.97675
2019-01-28 13:06:32,843 [steps/nnet3/train_raw_dnn.py:388 - train - INFO ] Iter: 32/279    Epoch: 1.37/12.0 (11.4% complete)    lr: 0.002306    shrink: 0.97694
2019-01-28 13:13:39,885 [steps/nnet3/train_raw_dnn.py:388 - train - INFO ] Iter: 33/279    Epoch: 1.41/12.0 (11.8% complete)    lr: 0.002287    shrink: 0.97713
2019-01-28 13:19:35,444 [steps/nnet3/train_raw_dnn.py:388 - train - INFO ] Iter: 34/279    Epoch: 1.46/12.0 (12.1% complete)    lr: 0.002268    shrink: 0.97732
2019-01-28 13:26:49,948 [steps/nnet3/train_raw_dnn.py:388 - train - INFO ] Iter: 35/279    Epoch: 1.50/12.0 (12.5% complete)    lr: 0.002250    shrink: 0.97750
2019-01-28 13:34:03,893 [steps/nnet3/train_raw_dnn.py:388 - train - INFO ] Iter: 36/279    Epoch: 1.54/12.0 (12.9% complete)    lr: 0.002231    shrink: 0.97769
2019-01-28 13:42:05,321 [steps/nnet3/train_raw_dnn.py:388 - train - INFO ] Iter: 37/279    Epoch: 1.59/12.0 (13.2% complete)    lr: 0.002213    shrink: 0.97787
2019-01-28 13:49:01,291 [steps/nnet3/train_raw_dnn.py:388 - train - INFO ] Iter: 38/279    Epoch: 1.63/12.0 (13.6% complete)    lr: 0.002195    shrink: 0.97805
2019-01-28 13:56:24,094 [steps/nnet3/train_raw_dnn.py:388 - train - INFO ] Iter: 39/279    Epoch: 1.67/12.0 (13.9% complete)    lr: 0.002177    shrink: 0.97823
2019-01-28 14:01:55,421 [steps/nnet3/train_raw_dnn.py:388 - train - INFO ] Iter: 40/279    Epoch: 1.71/12.0 (14.3% complete)    lr: 0.002159    shrink: 0.97841
2019-01-28 14:10:04,364 [steps/nnet3/train_raw_dnn.py:388 - train - INFO ] Iter: 41/279    Epoch: 1.76/12.0 (14.6% complete)    lr: 0.002141    shrink: 0.97859
2019-01-28 14:17:40,031 [steps/nnet3/train_raw_dnn.py:388 - train - INFO ] Iter: 42/279    Epoch: 1.80/12.0 (15.0% complete)    lr: 0.002124    shrink: 0.97876
2019-01-28 14:25:30,824 [steps/nnet3/train_raw_dnn.py:388 - train - INFO ] Iter: 43/279    Epoch: 1.84/12.0 (15.4% complete)    lr: 0.002106    shrink: 0.97894
2019-01-28 14:30:24,808 [steps/nnet3/train_raw_dnn.py:388 - train - INFO ] Iter: 44/279    Epoch: 1.89/12.0 (15.7% complete)    lr: 0.002089    shrink: 0.97911
2019-01-28 14:37:41,964 [steps/nnet3/train_raw_dnn.py:388 - train - INFO ] Iter: 45/279    Epoch: 1.93/12.0 (16.1% complete)    lr: 0.002072    shrink: 0.97928
2019-01-28 14:44:37,836 [steps/nnet3/train_raw_dnn.py:388 - train - INFO ] Iter: 46/279    Epoch: 1.97/12.0 (16.4% complete)    lr: 0.002055    shrink: 0.97945
2019-01-28 14:52:26,046 [steps/nnet3/train_raw_dnn.py:388 - train - INFO ] Iter: 47/279    Epoch: 2.01/12.0 (16.8% complete)    lr: 0.002038    shrink: 0.97962
2019-01-28 15:00:17,438 [steps/nnet3/train_raw_dnn.py:388 - train - INFO ] Iter: 48/279    Epoch: 2.06/12.0 (17.1% complete)    lr: 0.002022    shrink: 0.97978
2019-01-28 15:08:22,845 [steps/nnet3/train_raw_dnn.py:388 - train - INFO ] Iter: 49/279    Epoch: 2.10/12.0 (17.5% complete)    lr: 0.002005    shrink: 0.97995
2019-01-28 15:14:21,630 [steps/nnet3/train_raw_dnn.py:388 - train - INFO ] Iter: 50/279    Epoch: 2.14/12.0 (17.9% complete)    lr: 0.001989    shrink: 0.98011
2019-01-28 15:21:45,654 [steps/nnet3/train_raw_dnn.py:388 - train - INFO ] Iter: 51/279    Epoch: 2.19/12.0 (18.2% complete)    lr: 0.001972    shrink: 0.98028
2019-01-28 15:29:30,345 [steps/nnet3/train_raw_dnn.py:388 - train - INFO ] Iter: 52/279    Epoch: 2.23/12.0 (18.6% complete)    lr: 0.001956    shrink: 0.98044
2019-01-28 15:37:05,241 [steps/nnet3/train_raw_dnn.py:388 - train - INFO ] Iter: 53/279    Epoch: 2.27/12.0 (18.9% complete)    lr: 0.001940    shrink: 0.98060
2019-01-28 15:44:53,695 [steps/nnet3/train_raw_dnn.py:388 - train - INFO ] Iter: 54/279    Epoch: 2.31/12.0 (19.3% complete)    lr: 0.001924    shrink: 0.98076
2019-01-28 15:52:49,836 [steps/nnet3/train_raw_dnn.py:388 - train - INFO ] Iter: 55/279    Epoch: 2.36/12.0 (19.6% complete)    lr: 0.001909    shrink: 0.98091
2019-01-28 15:58:34,018 [steps/nnet3/train_raw_dnn.py:388 - train - INFO ] Iter: 56/279    Epoch: 2.40/12.0 (20.0% complete)    lr: 0.001893    shrink: 0.98107
2019-01-28 16:05:39,695 [steps/nnet3/train_raw_dnn.py:388 - train - INFO ] Iter: 57/279    Epoch: 2.44/12.0 (20.4% complete)    lr: 0.001877    shrink: 0.98123
2019-01-28 16:11:29,789 [steps/nnet3/train_raw_dnn.py:388 - train - INFO ] Iter: 58/279    Epoch: 2.49/12.0 (20.7% complete)    lr: 0.001862    shrink: 0.98138
2019-01-28 16:18:44,462 [steps/nnet3/train_raw_dnn.py:388 - train - INFO ] Iter: 59/279    Epoch: 2.53/12.0 (21.1% complete)    lr: 0.001847    shrink: 0.98153
2019-01-28 16:25:44,487 [steps/nnet3/train_raw_dnn.py:388 - train - INFO ] Iter: 60/279    Epoch: 2.57/12.0 (21.4% complete)    lr: 0.001832    shrink: 0.98168
2019-01-28 16:33:57,766 [steps/nnet3/train_raw_dnn.py:388 - train - INFO ] Iter: 61/279    Epoch: 2.61/12.0 (21.8% complete)    lr: 0.001817    shrink: 0.98183
2019-01-28 16:41:19,607 [steps/nnet3/train_raw_dnn.py:388 - train - INFO ] Iter: 62/279    Epoch: 2.66/12.0 (22.1% complete)    lr: 0.001802    shrink: 0.98198
2019-01-28 16:47:22,153 [steps/nnet3/train_raw_dnn.py:388 - train - INFO ] Iter: 63/279    Epoch: 2.70/12.0 (22.5% complete)    lr: 0.001787    shrink: 0.98213
2019-01-28 16:55:32,572 [steps/nnet3/train_raw_dnn.py:388 - train - INFO ] Iter: 64/279    Epoch: 2.74/12.0 (22.9% complete)    lr: 0.001772    shrink: 0.98228
2019-01-28 17:03:33,436 [steps/nnet3/train_raw_dnn.py:388 - train - INFO ] Iter: 65/279    Epoch: 2.79/12.0 (23.2% complete)    lr: 0.001758    shrink: 0.98242
2019-01-28 17:11:12,627 [steps/nnet3/train_raw_dnn.py:388 - train - INFO ] Iter: 66/279    Epoch: 2.83/12.0 (23.6% complete)    lr: 0.001743    shrink: 0.98257
2019-01-28 17:16:14,414 [steps/nnet3/train_raw_dnn.py:388 - train - INFO ] Iter: 67/279    Epoch: 2.87/12.0 (23.9% complete)    lr: 0.001729    shrink: 0.98271
2019-01-28 17:23:26,589 [steps/nnet3/train_raw_dnn.py:388 - train - INFO ] Iter: 68/279    Epoch: 2.91/12.0 (24.3% complete)    lr: 0.001715    shrink: 0.98285
2019-01-28 17:30:22,164 [steps/nnet3/train_raw_dnn.py:388 - train - INFO ] Iter: 69/279    Epoch: 2.96/12.0 (24.6% complete)    lr: 0.001701    shrink: 0.98299
2019-01-28 17:38:20,245 [steps/nnet3/train_raw_dnn.py:388 - train - INFO ] Iter: 70/279    Epoch: 3.00/12.0 (25.0% complete)    lr: 0.001687    shrink: 0.98313
2019-01-28 17:46:15,302 [steps/nnet3/train_raw_dnn.py:388 - train - INFO ] Iter: 71/279    Epoch: 3.04/12.0 (25.4% complete)    lr: 0.001673    shrink: 0.98327
2019-01-28 17:54:04,316 [steps/nnet3/train_raw_dnn.py:388 - train - INFO ] Iter: 72/279    Epoch: 3.09/12.0 (25.7% complete)    lr: 0.001660    shrink: 0.98340
2019-01-28 17:59:35,336 [steps/nnet3/train_raw_dnn.py:388 - train - INFO ] Iter: 73/279    Epoch: 3.13/12.0 (26.1% complete)    lr: 0.001646    shrink: 0.98354
2019-01-28 18:06:01,636 [steps/nnet3/train_raw_dnn.py:388 - train - INFO ] Iter: 74/279    Epoch: 3.17/12.0 (26.4% complete)    lr: 0.001632    shrink: 0.98368
2019-01-28 18:13:42,003 [steps/nnet3/train_raw_dnn.py:388 - train - INFO ] Iter: 75/279    Epoch: 3.21/12.0 (26.8% complete)    lr: 0.001619    shrink: 0.98381
2019-01-28 18:21:14,926 [steps/nnet3/train_raw_dnn.py:388 - train - INFO ] Iter: 76/279    Epoch: 3.26/12.0 (27.1% complete)    lr: 0.001606    shrink: 0.98394
2019-01-28 18:29:01,059 [steps/nnet3/train_raw_dnn.py:388 - train - INFO ] Iter: 77/279    Epoch: 3.30/12.0 (27.5% complete)    lr: 0.001593    shrink: 0.98407
2019-01-28 18:36:59,585 [steps/nnet3/train_raw_dnn.py:388 - train - INFO ] Iter: 78/279    Epoch: 3.34/12.0 (27.9% complete)    lr: 0.001580    shrink: 0.98420
2019-01-28 18:42:53,859 [steps/nnet3/train_raw_dnn.py:388 - train - INFO ] Iter: 79/279    Epoch: 3.39/12.0 (28.2% complete)    lr: 0.001567    shrink: 0.98433
2019-01-28 18:49:56,110 [steps/nnet3/train_raw_dnn.py:388 - train - INFO ] Iter: 80/279    Epoch: 3.43/12.0 (28.6% complete)    lr: 0.001554    shrink: 0.98446
2019-01-28 18:56:10,246 [steps/nnet3/train_raw_dnn.py:388 - train - INFO ] Iter: 81/279    Epoch: 3.47/12.0 (28.9% complete)    lr: 0.001541    shrink: 0.98459
2019-01-28 19:03:13,184 [steps/nnet3/train_raw_dnn.py:388 - train - INFO ] Iter: 82/279    Epoch: 3.51/12.0 (29.3% complete)    lr: 0.001528    shrink: 0.98472
2019-01-28 19:10:28,921 [steps/nnet3/train_raw_dnn.py:388 - train - INFO ] Iter: 83/279    Epoch: 3.56/12.0 (29.6% complete)    lr: 0.001516    shrink: 0.98484
2019-01-28 19:18:32,698 [steps/nnet3/train_raw_dnn.py:388 - train - INFO ] Iter: 84/279    Epoch: 3.60/12.0 (30.0% complete)    lr: 0.001504    shrink: 0.98496
2019-01-28 20:02:16,011 [steps/nnet3/train_raw_dnn.py:388 - train - INFO ] Iter: 85/279    Epoch: 3.64/12.0 (30.4% complete)    lr: 0.001491    shrink: 0.98509
2019-01-28 20:11:47,680 [steps/nnet3/train_raw_dnn.py:388 - train - INFO ] Iter: 86/279    Epoch: 3.69/12.0 (30.7% complete)    lr: 0.001479    shrink: 0.98521
2019-01-28 20:19:55,800 [steps/nnet3/train_raw_dnn.py:388 - train - INFO ] Iter: 87/279    Epoch: 3.73/12.0 (31.1% complete)    lr: 0.001467    shrink: 0.98533
2019-01-28 20:27:53,962 [steps/nnet3/train_raw_dnn.py:388 - train - INFO ] Iter: 88/279    Epoch: 3.77/12.0 (31.4% complete)    lr: 0.001455    shrink: 0.98545
2019-01-28 20:35:32,143 [steps/nnet3/train_raw_dnn.py:388 - train - INFO ] Iter: 89/279    Epoch: 3.81/12.0 (31.8% complete)    lr: 0.001443    shrink: 0.98557
2019-01-28 20:40:28,720 [steps/nnet3/train_raw_dnn.py:388 - train - INFO ] Iter: 90/279    Epoch: 3.86/12.0 (32.1% complete)    lr: 0.001431    shrink: 0.98569
2019-01-28 20:47:21,664 [steps/nnet3/train_raw_dnn.py:388 - train - INFO ] Iter: 91/279    Epoch: 3.90/12.0 (32.5% complete)    lr: 0.001419    shrink: 0.98581
2019-01-28 20:54:37,512 [steps/nnet3/train_raw_dnn.py:388 - train - INFO ] Iter: 92/279    Epoch: 3.94/12.0 (32.9% complete)    lr: 0.001408    shrink: 0.98592
2019-01-28 21:02:21,600 [steps/nnet3/train_raw_dnn.py:388 - train - INFO ] Iter: 93/279    Epoch: 3.99/12.0 (33.2% complete)    lr: 0.001396    shrink: 0.98604
2019-01-28 21:07:32,327 [steps/nnet3/train_raw_dnn.py:388 - train - INFO ] Iter: 94/279    Epoch: 4.03/12.0 (33.6% complete)    lr: 0.001385    shrink: 0.98615
2019-01-28 21:15:25,626 [steps/nnet3/train_raw_dnn.py:388 - train - INFO ] Iter: 95/279    Epoch: 4.07/12.0 (33.9% complete)    lr: 0.001374    shrink: 0.98626
2019-01-28 21:23:17,902 [steps/nnet3/train_raw_dnn.py:388 - train - INFO ] Iter: 96/279    Epoch: 4.11/12.0 (34.3% complete)    lr: 0.001362    shrink: 0.98638
2019-01-28 21:29:03,450 [steps/nnet3/train_raw_dnn.py:388 - train - INFO ] Iter: 97/279    Epoch: 4.16/12.0 (34.6% complete)    lr: 0.001351    shrink: 0.98649
2019-01-28 21:36:47,386 [steps/nnet3/train_raw_dnn.py:388 - train - INFO ] Iter: 98/279    Epoch: 4.20/12.0 (35.0% complete)    lr: 0.001340    shrink: 0.98660
2019-01-28 21:44:07,931 [steps/nnet3/train_raw_dnn.py:388 - train - INFO ] Iter: 99/279    Epoch: 4.24/12.0 (35.4% complete)    lr: 0.001329    shrink: 0.98671
2019-01-28 21:51:40,086 [steps/nnet3/train_raw_dnn.py:388 - train - INFO ] Iter: 100/279    Epoch: 4.29/12.0 (35.7% complete)    lr: 0.001318    shrink: 0.98682
2019-01-28 21:59:36,169 [steps/nnet3/train_raw_dnn.py:388 - train - INFO ] Iter: 101/279    Epoch: 4.33/12.0 (36.1% complete)    lr: 0.001307    shrink: 0.98693
2019-01-28 22:07:31,148 [steps/nnet3/train_raw_dnn.py:388 - train - INFO ] Iter: 102/279    Epoch: 4.37/12.0 (36.4% complete)    lr: 0.001297    shrink: 0.98703
2019-01-28 22:14:32,961 [steps/nnet3/train_raw_dnn.py:388 - train - INFO ] Iter: 103/279    Epoch: 4.41/12.0 (36.8% complete)    lr: 0.001286    shrink: 0.98714
2019-01-28 22:20:29,062 [steps/nnet3/train_raw_dnn.py:388 - train - INFO ] Iter: 104/279    Epoch: 4.46/12.0 (37.1% complete)    lr: 0.001276    shrink: 0.98724
2019-01-28 22:27:28,497 [steps/nnet3/train_raw_dnn.py:388 - train - INFO ] Iter: 105/279    Epoch: 4.50/12.0 (37.5% complete)    lr: 0.001265    shrink: 0.98735
2019-01-28 22:34:45,262 [steps/nnet3/train_raw_dnn.py:388 - train - INFO ] Iter: 106/279    Epoch: 4.54/12.0 (37.9% complete)    lr: 0.001255    shrink: 0.98745
2019-01-28 22:42:45,341 [steps/nnet3/train_raw_dnn.py:388 - train - INFO ] Iter: 107/279    Epoch: 4.59/12.0 (38.2% complete)    lr: 0.001244    shrink: 0.98756
2019-01-28 22:49:41,607 [steps/nnet3/train_raw_dnn.py:388 - train - INFO ] Iter: 108/279    Epoch: 4.63/12.0 (38.6% complete)    lr: 0.001234    shrink: 0.98766
2019-01-28 22:57:02,257 [steps/nnet3/train_raw_dnn.py:388 - train - INFO ] Iter: 109/279    Epoch: 4.67/12.0 (38.9% complete)    lr: 0.001224    shrink: 0.98776
2019-01-28 23:02:23,341 [steps/nnet3/train_raw_dnn.py:388 - train - INFO ] Iter: 110/279    Epoch: 4.71/12.0 (39.3% complete)    lr: 0.001214    shrink: 0.98786
2019-01-28 23:10:33,168 [steps/nnet3/train_raw_dnn.py:388 - train - INFO ] Iter: 111/279    Epoch: 4.76/12.0 (39.6% complete)    lr: 0.001204    shrink: 0.98796
2019-01-28 23:18:10,945 [steps/nnet3/train_raw_dnn.py:388 - train - INFO ] Iter: 112/279    Epoch: 4.80/12.0 (40.0% complete)    lr: 0.001194    shrink: 0.98806
2019-01-28 23:25:49,529 [steps/nnet3/train_raw_dnn.py:388 - train - INFO ] Iter: 113/279    Epoch: 4.84/12.0 (40.4% complete)    lr: 0.001185    shrink: 0.98815
2019-01-28 23:30:31,601 [steps/nnet3/train_raw_dnn.py:388 - train - INFO ] Iter: 114/279    Epoch: 4.89/12.0 (40.7% complete)    lr: 0.001175    shrink: 0.98825
2019-01-28 23:37:45,819 [steps/nnet3/train_raw_dnn.py:388 - train - INFO ] Iter: 115/279    Epoch: 4.93/12.0 (41.1% complete)    lr: 0.001165    shrink: 0.98835
2019-01-28 23:44:41,245 [steps/nnet3/train_raw_dnn.py:388 - train - INFO ] Iter: 116/279    Epoch: 4.97/12.0 (41.4% complete)    lr: 0.001156    shrink: 0.98844
2019-01-28 23:52:29,434 [steps/nnet3/train_raw_dnn.py:388 - train - INFO ] Iter: 117/279    Epoch: 5.01/12.0 (41.8% complete)    lr: 0.001146    shrink: 0.98854
2019-01-29 00:00:22,121 [steps/nnet3/train_raw_dnn.py:388 - train - INFO ] Iter: 118/279    Epoch: 5.06/12.0 (42.1% complete)    lr: 0.001137    shrink: 0.98863
2019-01-29 00:08:22,497 [steps/nnet3/train_raw_dnn.py:388 - train - INFO ] Iter: 119/279    Epoch: 5.10/12.0 (42.5% complete)    lr: 0.001128    shrink: 0.98872
2019-01-29 00:16:42,909 [steps/nnet3/train_raw_dnn.py:388 - train - INFO ] Iter: 120/279    Epoch: 5.14/12.0 (42.9% complete)    lr: 0.001118    shrink: 0.98882
2019-01-29 00:23:51,817 [steps/nnet3/train_raw_dnn.py:388 - train - INFO ] Iter: 121/279    Epoch: 5.19/12.0 (43.2% complete)    lr: 0.001109    shrink: 0.98891
2019-01-29 00:31:40,925 [steps/nnet3/train_raw_dnn.py:388 - train - INFO ] Iter: 122/279    Epoch: 5.23/12.0 (43.6% complete)    lr: 0.001100    shrink: 0.98900
2019-01-29 00:39:12,082 [steps/nnet3/train_raw_dnn.py:388 - train - INFO ] Iter: 123/279    Epoch: 5.27/12.0 (43.9% complete)    lr: 0.001091    shrink: 0.98909
2019-01-29 00:47:01,758 [steps/nnet3/train_raw_dnn.py:388 - train - INFO ] Iter: 124/279    Epoch: 5.31/12.0 (44.3% complete)    lr: 0.001082    shrink: 0.98918
2019-01-29 00:54:57,892 [steps/nnet3/train_raw_dnn.py:388 - train - INFO ] Iter: 125/279    Epoch: 5.36/12.0 (44.6% complete)    lr: 0.001073    shrink: 0.98927
2019-01-29 01:00:44,223 [steps/nnet3/train_raw_dnn.py:388 - train - INFO ] Iter: 126/279    Epoch: 5.40/12.0 (45.0% complete)    lr: 0.001064    shrink: 0.98936
2019-01-29 01:07:53,053 [steps/nnet3/train_raw_dnn.py:388 - train - INFO ] Iter: 127/279    Epoch: 5.44/12.0 (45.4% complete)    lr: 0.001056    shrink: 0.98944
2019-01-29 01:13:57,038 [steps/nnet3/train_raw_dnn.py:388 - train - INFO ] Iter: 128/279    Epoch: 5.49/12.0 (45.7% complete)    lr: 0.001047    shrink: 0.98953
2019-01-29 01:21:14,263 [steps/nnet3/train_raw_dnn.py:388 - train - INFO ] Iter: 129/279    Epoch: 5.53/12.0 (46.1% complete)    lr: 0.001039    shrink: 0.98961
2019-01-29 01:28:17,439 [steps/nnet3/train_raw_dnn.py:388 - train - INFO ] Iter: 130/279    Epoch: 5.57/12.0 (46.4% complete)    lr: 0.001030    shrink: 0.98970
2019-01-29 01:36:17,901 [steps/nnet3/train_raw_dnn.py:388 - train - INFO ] Iter: 131/279    Epoch: 5.61/12.0 (46.8% complete)    lr: 0.001022    shrink: 0.98978
2019-01-29 01:43:43,826 [steps/nnet3/train_raw_dnn.py:388 - train - INFO ] Iter: 132/279    Epoch: 5.66/12.0 (47.1% complete)    lr: 0.001013    shrink: 0.98987
2019-01-29 01:49:57,949 [steps/nnet3/train_raw_dnn.py:388 - train - INFO ] Iter: 133/279    Epoch: 5.70/12.0 (47.5% complete)    lr: 0.001005    shrink: 0.98995
2019-01-29 01:58:18,952 [steps/nnet3/train_raw_dnn.py:388 - train - INFO ] Iter: 134/279    Epoch: 5.74/12.0 (47.9% complete)    lr: 0.000997    shrink: 0.99003
2019-01-29 02:06:14,232 [steps/nnet3/train_raw_dnn.py:388 - train - INFO ] Iter: 135/279    Epoch: 5.79/12.0 (48.2% complete)    lr: 0.000989    shrink: 0.99011
2019-01-29 02:13:52,287 [steps/nnet3/train_raw_dnn.py:388 - train - INFO ] Iter: 136/279    Epoch: 5.83/12.0 (48.6% complete)    lr: 0.000980    shrink: 0.99020
2019-01-29 02:18:52,549 [steps/nnet3/train_raw_dnn.py:388 - train - INFO ] Iter: 137/279    Epoch: 5.87/12.0 (48.9% complete)    lr: 0.000972    shrink: 0.99028
2019-01-29 02:26:07,544 [steps/nnet3/train_raw_dnn.py:388 - train - INFO ] Iter: 138/279    Epoch: 5.91/12.0 (49.3% complete)    lr: 0.000964    shrink: 0.99036
2019-01-29 02:33:01,649 [steps/nnet3/train_raw_dnn.py:388 - train - INFO ] Iter: 139/279    Epoch: 5.96/12.0 (49.6% complete)    lr: 0.000957    shrink: 0.99043
2019-01-29 02:40:48,577 [steps/nnet3/train_raw_dnn.py:388 - train - INFO ] Iter: 140/279    Epoch: 6.00/12.0 (50.0% complete)    lr: 0.000949    shrink: 0.99051
2019-01-29 02:48:55,898 [steps/nnet3/train_raw_dnn.py:388 - train - INFO ] Iter: 141/279    Epoch: 6.04/12.0 (50.4% complete)    lr: 0.000941    shrink: 0.99059
2019-01-29 02:56:48,723 [steps/nnet3/train_raw_dnn.py:388 - train - INFO ] Iter: 142/279    Epoch: 6.09/12.0 (50.7% complete)    lr: 0.000933    shrink: 0.99067
2019-01-29 03:02:07,051 [steps/nnet3/train_raw_dnn.py:388 - train - INFO ] Iter: 143/279    Epoch: 6.13/12.0 (51.1% complete)    lr: 0.000926    shrink: 0.99074
2019-01-29 03:08:22,427 [steps/nnet3/train_raw_dnn.py:388 - train - INFO ] Iter: 144/279    Epoch: 6.17/12.0 (51.4% complete)    lr: 0.000918    shrink: 0.99082
2019-01-29 03:16:05,357 [steps/nnet3/train_raw_dnn.py:388 - train - INFO ] Iter: 145/279    Epoch: 6.21/12.0 (51.8% complete)    lr: 0.000910    shrink: 0.99090
2019-01-29 03:23:50,175 [steps/nnet3/train_raw_dnn.py:388 - train - INFO ] Iter: 146/279    Epoch: 6.26/12.0 (52.1% complete)    lr: 0.000903    shrink: 0.99097
2019-01-29 03:31:37,863 [steps/nnet3/train_raw_dnn.py:388 - train - INFO ] Iter: 147/279    Epoch: 6.30/12.0 (52.5% complete)    lr: 0.000896    shrink: 0.99104
2019-01-29 03:39:35,518 [steps/nnet3/train_raw_dnn.py:388 - train - INFO ] Iter: 148/279    Epoch: 6.34/12.0 (52.9% complete)    lr: 0.000888    shrink: 0.99112
2019-01-29 03:45:19,071 [steps/nnet3/train_raw_dnn.py:388 - train - INFO ] Iter: 149/279    Epoch: 6.39/12.0 (53.2% complete)    lr: 0.000881    shrink: 0.99119
2019-01-29 03:52:24,931 [steps/nnet3/train_raw_dnn.py:388 - train - INFO ] Iter: 150/279    Epoch: 6.43/12.0 (53.6% complete)    lr: 0.000874    shrink: 0.99126
2019-01-29 03:58:25,415 [steps/nnet3/train_raw_dnn.py:388 - train - INFO ] Iter: 151/279    Epoch: 6.47/12.0 (53.9% complete)    lr: 0.000867    shrink: 0.99133
2019-01-29 04:05:31,438 [steps/nnet3/train_raw_dnn.py:388 - train - INFO ] Iter: 152/279    Epoch: 6.51/12.0 (54.3% complete)    lr: 0.000860    shrink: 0.99140
2019-01-29 04:12:50,139 [steps/nnet3/train_raw_dnn.py:388 - train - INFO ] Iter: 153/279    Epoch: 6.56/12.0 (54.6% complete)    lr: 0.000852    shrink: 0.99148
2019-01-29 04:20:53,539 [steps/nnet3/train_raw_dnn.py:388 - train - INFO ] Iter: 154/279    Epoch: 6.60/12.0 (55.0% complete)    lr: 0.000846    shrink: 0.99154
2019-01-29 04:28:14,925 [steps/nnet3/train_raw_dnn.py:388 - train - INFO ] Iter: 155/279    Epoch: 6.64/12.0 (55.4% complete)    lr: 0.000839    shrink: 0.99161
2019-01-29 04:35:29,817 [steps/nnet3/train_raw_dnn.py:388 - train - INFO ] Iter: 156/279    Epoch: 6.69/12.0 (55.7% complete)    lr: 0.000832    shrink: 0.99168
2019-01-29 04:43:40,094 [steps/nnet3/train_raw_dnn.py:388 - train - INFO ] Iter: 157/279    Epoch: 6.73/12.0 (56.1% complete)    lr: 0.000825    shrink: 0.99175
2019-01-29 04:51:50,599 [steps/nnet3/train_raw_dnn.py:388 - train - INFO ] Iter: 158/279    Epoch: 6.77/12.0 (56.4% complete)    lr: 0.000818    shrink: 0.99182
2019-01-29 04:59:40,201 [steps/nnet3/train_raw_dnn.py:388 - train - INFO ] Iter: 159/279    Epoch: 6.81/12.0 (56.8% complete)    lr: 0.000811    shrink: 0.99189
2019-01-29 05:04:33,315 [steps/nnet3/train_raw_dnn.py:388 - train - INFO ] Iter: 160/279    Epoch: 6.86/12.0 (57.1% complete)    lr: 0.000805    shrink: 0.99195
2019-01-29 05:11:25,705 [steps/nnet3/train_raw_dnn.py:388 - train - INFO ] Iter: 161/279    Epoch: 6.90/12.0 (57.5% complete)    lr: 0.000798    shrink: 0.99202
2019-01-29 05:18:42,547 [steps/nnet3/train_raw_dnn.py:388 - train - INFO ] Iter: 162/279    Epoch: 6.94/12.0 (57.9% complete)    lr: 0.000792    shrink: 0.99208
2019-01-29 05:26:41,201 [steps/nnet3/train_raw_dnn.py:388 - train - INFO ] Iter: 163/279    Epoch: 6.99/12.0 (58.2% complete)    lr: 0.000785    shrink: 0.99215
2019-01-29 05:32:02,591 [steps/nnet3/train_raw_dnn.py:388 - train - INFO ] Iter: 164/279    Epoch: 7.03/12.0 (58.6% complete)    lr: 0.000779    shrink: 0.99221
2019-01-29 05:39:58,385 [steps/nnet3/train_raw_dnn.py:388 - train - INFO ] Iter: 165/279    Epoch: 7.07/12.0 (58.9% complete)    lr: 0.000772    shrink: 0.99228
2019-01-29 05:47:53,307 [steps/nnet3/train_raw_dnn.py:388 - train - INFO ] Iter: 166/279    Epoch: 7.11/12.0 (59.3% complete)    lr: 0.000766    shrink: 0.99234
2019-01-29 05:53:41,206 [steps/nnet3/train_raw_dnn.py:388 - train - INFO ] Iter: 167/279    Epoch: 7.16/12.0 (59.6% complete)    lr: 0.000760    shrink: 0.99240
2019-01-29 06:01:25,054 [steps/nnet3/train_raw_dnn.py:388 - train - INFO ] Iter: 168/279    Epoch: 7.20/12.0 (60.0% complete)    lr: 0.000754    shrink: 0.99246
2019-01-29 06:08:47,184 [steps/nnet3/train_raw_dnn.py:388 - train - INFO ] Iter: 169/279    Epoch: 7.24/12.0 (60.4% complete)    lr: 0.000747    shrink: 0.99253
2019-01-29 06:16:18,847 [steps/nnet3/train_raw_dnn.py:388 - train - INFO ] Iter: 170/279    Epoch: 7.29/12.0 (60.7% complete)    lr: 0.000741    shrink: 0.99259
2019-01-29 06:24:11,611 [steps/nnet3/train_raw_dnn.py:388 - train - INFO ] Iter: 171/279    Epoch: 7.33/12.0 (61.1% complete)    lr: 0.000735    shrink: 0.99265
2019-01-29 06:32:07,794 [steps/nnet3/train_raw_dnn.py:388 - train - INFO ] Iter: 172/279    Epoch: 7.37/12.0 (61.4% complete)    lr: 0.000729    shrink: 0.99271
2019-01-29 06:39:17,216 [steps/nnet3/train_raw_dnn.py:388 - train - INFO ] Iter: 173/279    Epoch: 7.41/12.0 (61.8% complete)    lr: 0.000723    shrink: 0.99277
2019-01-29 06:45:11,643 [steps/nnet3/train_raw_dnn.py:388 - train - INFO ] Iter: 174/279    Epoch: 7.46/12.0 (62.1% complete)    lr: 0.000717    shrink: 0.99283
2019-01-29 06:52:15,749 [steps/nnet3/train_raw_dnn.py:388 - train - INFO ] Iter: 175/279    Epoch: 7.50/12.0 (62.5% complete)    lr: 0.000711    shrink: 0.99289
2019-01-29 06:59:32,786 [steps/nnet3/train_raw_dnn.py:388 - train - INFO ] Iter: 176/279    Epoch: 7.54/12.0 (62.9% complete)    lr: 0.000706    shrink: 0.99294
2019-01-29 07:07:32,664 [steps/nnet3/train_raw_dnn.py:388 - train - INFO ] Iter: 177/279    Epoch: 7.59/12.0 (63.2% complete)    lr: 0.000700    shrink: 0.99300
2019-01-29 07:14:34,563 [steps/nnet3/train_raw_dnn.py:388 - train - INFO ] Iter: 178/279    Epoch: 7.63/12.0 (63.6% complete)    lr: 0.000694    shrink: 0.99306
2019-01-29 07:22:00,573 [steps/nnet3/train_raw_dnn.py:388 - train - INFO ] Iter: 179/279    Epoch: 7.67/12.0 (63.9% complete)    lr: 0.000688    shrink: 0.99312
2019-01-29 07:27:18,860 [steps/nnet3/train_raw_dnn.py:388 - train - INFO ] Iter: 180/279    Epoch: 7.71/12.0 (64.3% complete)    lr: 0.000683    shrink: 0.99317
2019-01-29 07:35:52,413 [steps/nnet3/train_raw_dnn.py:388 - train - INFO ] Iter: 181/279    Epoch: 7.76/12.0 (64.6% complete)    lr: 0.000677    shrink: 0.99323
2019-01-29 07:43:41,144 [steps/nnet3/train_raw_dnn.py:388 - train - INFO ] Iter: 182/279    Epoch: 7.80/12.0 (65.0% complete)    lr: 0.000672    shrink: 0.99328
2019-01-29 07:51:19,037 [steps/nnet3/train_raw_dnn.py:388 - train - INFO ] Iter: 183/279    Epoch: 7.84/12.0 (65.4% complete)    lr: 0.000666    shrink: 0.99334
2019-01-29 07:56:00,511 [steps/nnet3/train_raw_dnn.py:388 - train - INFO ] Iter: 184/279    Epoch: 7.89/12.0 (65.7% complete)    lr: 0.000661    shrink: 0.99339
2019-01-29 08:03:11,807 [steps/nnet3/train_raw_dnn.py:388 - train - INFO ] Iter: 185/279    Epoch: 7.93/12.0 (66.1% complete)    lr: 0.000655    shrink: 0.99345
2019-01-29 08:10:09,775 [steps/nnet3/train_raw_dnn.py:388 - train - INFO ] Iter: 186/279    Epoch: 7.97/12.0 (66.4% complete)    lr: 0.000650    shrink: 0.99350
2019-01-29 08:18:00,839 [steps/nnet3/train_raw_dnn.py:388 - train - INFO ] Iter: 187/279    Epoch: 8.01/12.0 (66.8% complete)    lr: 0.000645    shrink: 0.99355
2019-01-29 08:25:51,158 [steps/nnet3/train_raw_dnn.py:388 - train - INFO ] Iter: 188/279    Epoch: 8.06/12.0 (67.1% complete)    lr: 0.000639    shrink: 0.99361
2019-01-29 08:33:42,471 [steps/nnet3/train_raw_dnn.py:388 - train - INFO ] Iter: 189/279    Epoch: 8.10/12.0 (67.5% complete)    lr: 0.000634    shrink: 0.99366
2019-01-29 08:39:39,401 [steps/nnet3/train_raw_dnn.py:388 - train - INFO ] Iter: 190/279    Epoch: 8.14/12.0 (67.9% complete)    lr: 0.000629    shrink: 0.99371
2019-01-29 08:46:44,767 [steps/nnet3/train_raw_dnn.py:388 - train - INFO ] Iter: 191/279    Epoch: 8.19/12.0 (68.2% complete)    lr: 0.000624    shrink: 0.99376
2019-01-29 08:54:43,974 [steps/nnet3/train_raw_dnn.py:388 - train - INFO ] Iter: 192/279    Epoch: 8.23/12.0 (68.6% complete)    lr: 0.000619    shrink: 0.99381
2019-01-29 09:02:24,809 [steps/nnet3/train_raw_dnn.py:388 - train - INFO ] Iter: 193/279    Epoch: 8.27/12.0 (68.9% complete)    lr: 0.000614    shrink: 0.99386
2019-01-29 09:10:11,519 [steps/nnet3/train_raw_dnn.py:388 - train - INFO ] Iter: 194/279    Epoch: 8.31/12.0 (69.3% complete)    lr: 0.000609    shrink: 0.99391
2019-01-29 09:18:15,243 [steps/nnet3/train_raw_dnn.py:388 - train - INFO ] Iter: 195/279    Epoch: 8.36/12.0 (69.6% complete)    lr: 0.000604    shrink: 0.99396
2019-01-29 09:23:59,702 [steps/nnet3/train_raw_dnn.py:388 - train - INFO ] Iter: 196/279    Epoch: 8.40/12.0 (70.0% complete)    lr: 0.000599    shrink: 0.99401
2019-01-29 09:31:07,649 [steps/nnet3/train_raw_dnn.py:388 - train - INFO ] Iter: 197/279    Epoch: 8.44/12.0 (70.4% complete)    lr: 0.000594    shrink: 0.99406
2019-01-29 09:36:58,180 [steps/nnet3/train_raw_dnn.py:388 - train - INFO ] Iter: 198/279    Epoch: 8.49/12.0 (70.7% complete)    lr: 0.000589    shrink: 0.99411
2019-01-29 09:44:26,882 [steps/nnet3/train_raw_dnn.py:388 - train - INFO ] Iter: 199/279    Epoch: 8.53/12.0 (71.1% complete)    lr: 0.000584    shrink: 0.99416
2019-01-29 09:51:29,512 [steps/nnet3/train_raw_dnn.py:388 - train - INFO ] Iter: 200/279    Epoch: 8.57/12.0 (71.4% complete)    lr: 0.000579    shrink: 0.99421
2019-01-29 09:59:48,320 [steps/nnet3/train_raw_dnn.py:388 - train - INFO ] Iter: 201/279    Epoch: 8.61/12.0 (71.8% complete)    lr: 0.000574    shrink: 0.99426
2019-01-29 10:07:11,959 [steps/nnet3/train_raw_dnn.py:388 - train - INFO ] Iter: 202/279    Epoch: 8.66/12.0 (72.1% complete)    lr: 0.000570    shrink: 0.99430
2019-01-29 10:13:18,254 [steps/nnet3/train_raw_dnn.py:388 - train - INFO ] Iter: 203/279    Epoch: 8.70/12.0 (72.5% complete)    lr: 0.000565    shrink: 0.99435
2019-01-29 10:21:27,365 [steps/nnet3/train_raw_dnn.py:388 - train - INFO ] Iter: 204/279    Epoch: 8.74/12.0 (72.9% complete)    lr: 0.000560    shrink: 0.99440
2019-01-29 10:29:29,642 [steps/nnet3/train_raw_dnn.py:388 - train - INFO ] Iter: 205/279    Epoch: 8.79/12.0 (73.2% complete)    lr: 0.000556    shrink: 0.99444
2019-01-29 10:37:09,754 [steps/nnet3/train_raw_dnn.py:388 - train - INFO ] Iter: 206/279    Epoch: 8.83/12.0 (73.6% complete)    lr: 0.000551    shrink: 0.99449
2019-01-29 10:42:11,244 [steps/nnet3/train_raw_dnn.py:388 - train - INFO ] Iter: 207/279    Epoch: 8.87/12.0 (73.9% complete)    lr: 0.000547    shrink: 0.99453
2019-01-29 10:49:22,769 [steps/nnet3/train_raw_dnn.py:388 - train - INFO ] Iter: 208/279    Epoch: 8.91/12.0 (74.3% complete)    lr: 0.000542    shrink: 0.99458
2019-01-29 10:56:16,369 [steps/nnet3/train_raw_dnn.py:388 - train - INFO ] Iter: 209/279    Epoch: 8.96/12.0 (74.6% complete)    lr: 0.000538    shrink: 0.99462
2019-01-29 11:04:12,885 [steps/nnet3/train_raw_dnn.py:388 - train - INFO ] Iter: 210/279    Epoch: 9.00/12.0 (75.0% complete)    lr: 0.000533    shrink: 0.99467
2019-01-29 11:12:17,448 [steps/nnet3/train_raw_dnn.py:388 - train - INFO ] Iter: 211/279    Epoch: 9.04/12.0 (75.4% complete)    lr: 0.000529    shrink: 0.99471
2019-01-29 11:20:21,111 [steps/nnet3/train_raw_dnn.py:388 - train - INFO ] Iter: 212/279    Epoch: 9.09/12.0 (75.7% complete)    lr: 0.000525    shrink: 0.99475
2019-01-29 11:25:43,636 [steps/nnet3/train_raw_dnn.py:388 - train - INFO ] Iter: 213/279    Epoch: 9.13/12.0 (76.1% complete)    lr: 0.000520    shrink: 0.99480
2019-01-29 11:31:56,550 [steps/nnet3/train_raw_dnn.py:388 - train - INFO ] Iter: 214/279    Epoch: 9.17/12.0 (76.4% complete)    lr: 0.000516    shrink: 0.99484
2019-01-29 11:39:39,852 [steps/nnet3/train_raw_dnn.py:388 - train - INFO ] Iter: 215/279    Epoch: 9.21/12.0 (76.8% complete)    lr: 0.000512    shrink: 0.99488
2019-01-29 11:47:17,015 [steps/nnet3/train_raw_dnn.py:388 - train - INFO ] Iter: 216/279    Epoch: 9.26/12.0 (77.1% complete)    lr: 0.000508    shrink: 0.99492
2019-01-29 11:55:07,907 [steps/nnet3/train_raw_dnn.py:388 - train - INFO ] Iter: 217/279    Epoch: 9.30/12.0 (77.5% complete)    lr: 0.000504    shrink: 0.99496
2019-01-29 12:03:05,216 [steps/nnet3/train_raw_dnn.py:388 - train - INFO ] Iter: 218/279    Epoch: 9.34/12.0 (77.9% complete)    lr: 0.000500    shrink: 0.99500
2019-01-29 12:08:51,836 [steps/nnet3/train_raw_dnn.py:388 - train - INFO ] Iter: 219/279    Epoch: 9.39/12.0 (78.2% complete)    lr: 0.000495    shrink: 0.99505
2019-01-29 12:16:06,448 [steps/nnet3/train_raw_dnn.py:388 - train - INFO ] Iter: 220/279    Epoch: 9.43/12.0 (78.6% complete)    lr: 0.000491    shrink: 0.99509
2019-01-29 12:22:10,908 [steps/nnet3/train_raw_dnn.py:388 - train - INFO ] Iter: 221/279    Epoch: 9.47/12.0 (78.9% complete)    lr: 0.000487    shrink: 0.99513
2019-01-29 12:29:17,932 [steps/nnet3/train_raw_dnn.py:388 - train - INFO ] Iter: 222/279    Epoch: 9.51/12.0 (79.3% complete)    lr: 0.000483    shrink: 0.99517
2019-01-29 12:36:32,941 [steps/nnet3/train_raw_dnn.py:388 - train - INFO ] Iter: 223/279    Epoch: 9.56/12.0 (79.6% complete)    lr: 0.000479    shrink: 0.99521
2019-01-29 12:44:34,447 [steps/nnet3/train_raw_dnn.py:388 - train - INFO ] Iter: 224/279    Epoch: 9.60/12.0 (80.0% complete)    lr: 0.000475    shrink: 0.99525
2019-01-29 12:51:56,960 [steps/nnet3/train_raw_dnn.py:388 - train - INFO ] Iter: 225/279    Epoch: 9.64/12.0 (80.4% complete)    lr: 0.000472    shrink: 0.99528
2019-01-29 12:59:12,995 [steps/nnet3/train_raw_dnn.py:388 - train - INFO ] Iter: 226/279    Epoch: 9.69/12.0 (80.7% complete)    lr: 0.000468    shrink: 0.99532
2019-01-29 13:07:23,848 [steps/nnet3/train_raw_dnn.py:388 - train - INFO ] Iter: 227/279    Epoch: 9.73/12.0 (81.1% complete)    lr: 0.000464    shrink: 0.99536
2019-01-29 13:15:25,561 [steps/nnet3/train_raw_dnn.py:388 - train - INFO ] Iter: 228/279    Epoch: 9.77/12.0 (81.4% complete)    lr: 0.000460    shrink: 0.99540
2019-01-29 13:23:15,092 [steps/nnet3/train_raw_dnn.py:388 - train - INFO ] Iter: 229/279    Epoch: 9.81/12.0 (81.8% complete)    lr: 0.000456    shrink: 0.99544
2019-01-29 13:28:15,159 [steps/nnet3/train_raw_dnn.py:388 - train - INFO ] Iter: 230/279    Epoch: 9.86/12.0 (82.1% complete)    lr: 0.000453    shrink: 0.99547
2019-01-29 13:35:05,954 [steps/nnet3/train_raw_dnn.py:388 - train - INFO ] Iter: 231/279    Epoch: 9.90/12.0 (82.5% complete)    lr: 0.000449    shrink: 0.99551
2019-01-29 13:42:26,997 [steps/nnet3/train_raw_dnn.py:388 - train - INFO ] Iter: 232/279    Epoch: 9.94/12.0 (82.9% complete)    lr: 0.000445    shrink: 0.99555
2019-01-29 13:50:25,501 [steps/nnet3/train_raw_dnn.py:388 - train - INFO ] Iter: 233/279    Epoch: 9.99/12.0 (83.2% complete)    lr: 0.000442    shrink: 0.99558
2019-01-29 13:55:34,117 [steps/nnet3/train_raw_dnn.py:388 - train - INFO ] Iter: 234/279    Epoch: 10.03/12.0 (83.6% complete)    lr: 0.000438    shrink: 0.99562
2019-01-29 14:03:26,703 [steps/nnet3/train_raw_dnn.py:388 - train - INFO ] Iter: 235/279    Epoch: 10.07/12.0 (83.9% complete)    lr: 0.000434    shrink: 0.99566
2019-01-29 14:11:24,532 [steps/nnet3/train_raw_dnn.py:388 - train - INFO ] Iter: 236/279    Epoch: 10.11/12.0 (84.3% complete)    lr: 0.000431    shrink: 0.99569
2019-01-29 14:17:13,712 [steps/nnet3/train_raw_dnn.py:388 - train - INFO ] Iter: 237/279    Epoch: 10.16/12.0 (84.6% complete)    lr: 0.000427    shrink: 0.99573
2019-01-29 14:24:57,725 [steps/nnet3/train_raw_dnn.py:388 - train - INFO ] Iter: 238/279    Epoch: 10.20/12.0 (85.0% complete)    lr: 0.000424    shrink: 0.99576
2019-01-29 14:32:22,180 [steps/nnet3/train_raw_dnn.py:388 - train - INFO ] Iter: 239/279    Epoch: 10.24/12.0 (85.4% complete)    lr: 0.000420    shrink: 0.99580
2019-01-29 14:39:54,216 [steps/nnet3/train_raw_dnn.py:388 - train - INFO ] Iter: 240/279    Epoch: 10.29/12.0 (85.7% complete)    lr: 0.000417    shrink: 0.99583
2019-01-29 14:48:00,162 [steps/nnet3/train_raw_dnn.py:388 - train - INFO ] Iter: 241/279    Epoch: 10.33/12.0 (86.1% complete)    lr: 0.000413    shrink: 0.99587
2019-01-29 14:56:01,750 [steps/nnet3/train_raw_dnn.py:388 - train - INFO ] Iter: 242/279    Epoch: 10.37/12.0 (86.4% complete)    lr: 0.000410    shrink: 0.99590
2019-01-29 15:03:08,210 [steps/nnet3/train_raw_dnn.py:388 - train - INFO ] Iter: 243/279    Epoch: 10.41/12.0 (86.8% complete)    lr: 0.000407    shrink: 0.99593
2019-01-29 15:09:02,077 [steps/nnet3/train_raw_dnn.py:388 - train - INFO ] Iter: 244/279    Epoch: 10.46/12.0 (87.1% complete)    lr: 0.000403    shrink: 0.99597
2019-01-29 15:16:06,382 [steps/nnet3/train_raw_dnn.py:388 - train - INFO ] Iter: 245/279    Epoch: 10.50/12.0 (87.5% complete)    lr: 0.000400    shrink: 0.99600
2019-01-29 15:23:23,949 [steps/nnet3/train_raw_dnn.py:388 - train - INFO ] Iter: 246/279    Epoch: 10.54/12.0 (87.9% complete)    lr: 0.000397    shrink: 0.99603
2019-01-29 15:31:39,532 [steps/nnet3/train_raw_dnn.py:388 - train - INFO ] Iter: 247/279    Epoch: 10.59/12.0 (88.2% complete)    lr: 0.000394    shrink: 0.99606
2019-01-29 15:38:49,801 [steps/nnet3/train_raw_dnn.py:388 - train - INFO ] Iter: 248/279    Epoch: 10.63/12.0 (88.6% complete)    lr: 0.000390    shrink: 0.99610
2019-01-29 15:46:17,463 [steps/nnet3/train_raw_dnn.py:388 - train - INFO ] Iter: 249/279    Epoch: 10.67/12.0 (88.9% complete)    lr: 0.000387    shrink: 0.99613
2019-01-29 15:51:47,506 [steps/nnet3/train_raw_dnn.py:388 - train - INFO ] Iter: 250/279    Epoch: 10.71/12.0 (89.3% complete)    lr: 0.000384    shrink: 0.99616
2019-01-29 16:00:01,294 [steps/nnet3/train_raw_dnn.py:388 - train - INFO ] Iter: 251/279    Epoch: 10.76/12.0 (89.6% complete)    lr: 0.000381    shrink: 0.99619
2019-01-29 16:07:50,254 [steps/nnet3/train_raw_dnn.py:388 - train - INFO ] Iter: 252/279    Epoch: 10.80/12.0 (90.0% complete)    lr: 0.000378    shrink: 0.99622
2019-01-29 16:15:30,532 [steps/nnet3/train_raw_dnn.py:388 - train - INFO ] Iter: 253/279    Epoch: 10.84/12.0 (90.4% complete)    lr: 0.000375    shrink: 0.99625
2019-01-29 16:20:15,494 [steps/nnet3/train_raw_dnn.py:388 - train - INFO ] Iter: 254/279    Epoch: 10.89/12.0 (90.7% complete)    lr: 0.000372    shrink: 0.99628
2019-01-29 16:27:39,219 [steps/nnet3/train_raw_dnn.py:388 - train - INFO ] Iter: 255/279    Epoch: 10.93/12.0 (91.1% complete)    lr: 0.000368    shrink: 0.99632
2019-01-29 16:34:34,319 [steps/nnet3/train_raw_dnn.py:388 - train - INFO ] Iter: 256/279    Epoch: 10.97/12.0 (91.4% complete)    lr: 0.000365    shrink: 0.99635
2019-01-29 17:17:11,440 [steps/nnet3/train_raw_dnn.py:388 - train - INFO ] Iter: 257/279    Epoch: 11.01/12.0 (91.8% complete)    lr: 0.000362    shrink: 0.99638
2019-01-29 17:27:20,953 [steps/nnet3/train_raw_dnn.py:388 - train - INFO ] Iter: 258/279    Epoch: 11.06/12.0 (92.1% complete)    lr: 0.000359    shrink: 0.99641
2019-01-29 17:35:13,949 [steps/nnet3/train_raw_dnn.py:388 - train - INFO ] Iter: 259/279    Epoch: 11.10/12.0 (92.5% complete)    lr: 0.000357    shrink: 0.99643
2019-01-29 17:41:01,827 [steps/nnet3/train_raw_dnn.py:388 - train - INFO ] Iter: 260/279    Epoch: 11.14/12.0 (92.9% complete)    lr: 0.000354    shrink: 0.99646
2019-01-29 17:47:56,567 [steps/nnet3/train_raw_dnn.py:388 - train - INFO ] Iter: 261/279    Epoch: 11.19/12.0 (93.2% complete)    lr: 0.000351    shrink: 0.99649
2019-01-29 17:55:42,260 [steps/nnet3/train_raw_dnn.py:388 - train - INFO ] Iter: 262/279    Epoch: 11.23/12.0 (93.6% complete)    lr: 0.000348    shrink: 0.99652
2019-01-29 18:03:12,681 [steps/nnet3/train_raw_dnn.py:388 - train - INFO ] Iter: 263/279    Epoch: 11.27/12.0 (93.9% complete)    lr: 0.000345    shrink: 0.99655
2019-01-29 18:11:03,172 [steps/nnet3/train_raw_dnn.py:388 - train - INFO ] Iter: 264/279    Epoch: 11.31/12.0 (94.3% complete)    lr: 0.000342    shrink: 0.99658
2019-01-29 18:18:59,074 [steps/nnet3/train_raw_dnn.py:388 - train - INFO ] Iter: 265/279    Epoch: 11.36/12.0 (94.6% complete)    lr: 0.000339    shrink: 0.99661
2019-01-29 18:24:44,396 [steps/nnet3/train_raw_dnn.py:388 - train - INFO ] Iter: 266/279    Epoch: 11.40/12.0 (95.0% complete)    lr: 0.000337    shrink: 0.99663
2019-01-29 18:31:48,964 [steps/nnet3/train_raw_dnn.py:388 - train - INFO ] Iter: 267/279    Epoch: 11.44/12.0 (95.4% complete)    lr: 0.000334    shrink: 0.99666
2019-01-29 18:37:39,081 [steps/nnet3/train_raw_dnn.py:388 - train - INFO ] Iter: 268/279    Epoch: 11.49/12.0 (95.7% complete)    lr: 0.000331    shrink: 0.99669
2019-01-29 18:44:53,607 [steps/nnet3/train_raw_dnn.py:388 - train - INFO ] Iter: 269/279    Epoch: 11.53/12.0 (96.1% complete)    lr: 0.000328    shrink: 0.99672
2019-01-29 18:51:57,831 [steps/nnet3/train_raw_dnn.py:388 - train - INFO ] Iter: 270/279    Epoch: 11.57/12.0 (96.4% complete)    lr: 0.000326    shrink: 0.99674
2019-01-29 19:00:08,827 [steps/nnet3/train_raw_dnn.py:388 - train - INFO ] Iter: 271/279    Epoch: 11.61/12.0 (96.8% complete)    lr: 0.000323    shrink: 0.99677
2019-01-29 19:07:35,684 [steps/nnet3/train_raw_dnn.py:388 - train - INFO ] Iter: 272/279    Epoch: 11.66/12.0 (97.1% complete)    lr: 0.000320    shrink: 0.99680
2019-01-29 19:13:39,522 [steps/nnet3/train_raw_dnn.py:388 - train - INFO ] Iter: 273/279    Epoch: 11.70/12.0 (97.5% complete)    lr: 0.000318    shrink: 0.99682
2019-01-29 19:23:09,887 [steps/nnet3/train_raw_dnn.py:388 - train - INFO ] Iter: 274/279    Epoch: 11.74/12.0 (97.9% complete)    lr: 0.000315    shrink: 0.99685
2019-01-29 19:31:08,456 [steps/nnet3/train_raw_dnn.py:388 - train - INFO ] Iter: 275/279    Epoch: 11.79/12.0 (98.2% complete)    lr: 0.000313    shrink: 0.99687
2019-01-29 19:38:45,853 [steps/nnet3/train_raw_dnn.py:388 - train - INFO ] Iter: 276/279    Epoch: 11.83/12.0 (98.6% complete)    lr: 0.000310    shrink: 0.99690
2019-01-29 19:43:47,212 [steps/nnet3/train_raw_dnn.py:388 - train - INFO ] Iter: 277/279    Epoch: 11.87/12.0 (98.9% complete)    lr: 0.000307    shrink: 0.99693
2019-01-29 19:51:00,753 [steps/nnet3/train_raw_dnn.py:388 - train - INFO ] Iter: 278/279    Epoch: 11.91/12.0 (99.3% complete)    lr: 0.000305    shrink: 0.99695
2019-01-29 19:57:55,990 [steps/nnet3/train_raw_dnn.py:388 - train - INFO ] Iter: 279/279    Epoch: 11.96/12.0 (99.6% complete)    lr: 0.000300    shrink: 0.99700
2019-01-29 20:05:41,252 [steps/nnet3/train_raw_dnn.py:440 - train - INFO ] Doing final combination to produce final.raw
2019-01-29 20:05:41,253 [steps/libs/nnet3/train/frame_level_objf/common.py:491 - combine_models - INFO ] Combining {261, 262, 263, 264, 265, 266, 267, 268, 269, 270, 271, 272, 273, 274, 275, 276, 277, 278, 279, 280} models.
2019-01-29 20:09:54,804 [steps/nnet3/train_raw_dnn.py:462 - train - INFO ] Cleaning up the experiment directory /home/s1513472/lid/epochs12/nnet
/home/s1513472/lid/epochs12/nnet: num-iters=280 nj=3..3 num-params=4.5M dim=23->19 combine=-0.01->-0.01 (over 20) loglike:train/valid[185,279]=(-0.027,-0.024/-0.152,-0.122) accuracy:train/valid[185,279]=(1.0000,1.0000/0.961,0.961)
steps/nnet3/train_raw_dnn.py --stage=-1 --cmd=slurm.pl --trainer.optimization.proportional-shrink 10 --trainer.optimization.momentum=0.5 --trainer.optimization.num-jobs-initial=3 --trainer.optimization.num-jobs-final=3 --trainer.optimization.initial-effective-lrate=0.001 --trainer.optimization.final-effective-lrate=0.0001 --trainer.optimization.minibatch-size=64 --trainer.srand=123 --trainer.max-param-change=2 --trainer.num-epochs=12 --trainer.dropout-schedule=0,0@0.20,0.1@0.50,0 --trainer.shuffle-buffer-size=1000 --egs.frames-per-eg=1 --egs.dir=/home/s1513472/lid/baseline/nnet/egs --cleanup.remove-egs false --cleanup.preserve-model-interval=10 --use-gpu=true --dir=/home/s1513472/lid/epochs12/nnet
['steps/nnet3/train_raw_dnn.py', '--stage=-1', '--cmd=slurm.pl', '--trainer.optimization.proportional-shrink', '10', '--trainer.optimization.momentum=0.5', '--trainer.optimization.num-jobs-initial=3', '--trainer.optimization.num-jobs-final=3', '--trainer.optimization.initial-effective-lrate=0.001', '--trainer.optimization.final-effective-lrate=0.0001', '--trainer.optimization.minibatch-size=64', '--trainer.srand=123', '--trainer.max-param-change=2', '--trainer.num-epochs=12', '--trainer.dropout-schedule=0,0@0.20,0.1@0.50,0', '--trainer.shuffle-buffer-size=1000', '--egs.frames-per-eg=1', '--egs.dir=/home/s1513472/lid/baseline/nnet/egs', '--cleanup.remove-egs', 'false', '--cleanup.preserve-model-interval=10', '--use-gpu=true', '--dir=/home/s1513472/lid/epochs12/nnet']
Finished stage 4.
./run.sh: line 11: CRICHTON_DEBUG: unbound variable
#### STAGE 7: Extracting X-vectors from the trained DNN. ####
./local/extract_xvectors.sh --cmd slurm.pl --mem 6G --use-gpu true --nj 32 --stage 0 /home/s1513472/lid/epochs12/nnet /home/s1513472/lid/baseline/enroll /home/s1513472/lid/epochs12/exp/xvectors_enroll
./local/extract_xvectors.sh --cmd slurm.pl --mem 6G --use-gpu true --nj 32 --stage 0 /home/s1513472/lid/epochs12/nnet /home/s1513472/lid/baseline/eval /home/s1513472/lid/epochs12/exp/xvectors_eval
Conda environment 'lid' active.
Conda environment 'lid' active.
./local/extract_xvectors.sh: using /home/s1513472/lid/epochs12/nnet/extract.config to extract xvectors
./local/extract_xvectors.sh: using /home/s1513472/lid/epochs12/nnet/extract.config to extract xvectors
./local/extract_xvectors.sh: extracting xvectors for /home/s1513472/lid/baseline/eval
./local/extract_xvectors.sh: extracting xvectors from nnet
./local/extract_xvectors.sh: extracting xvectors for /home/s1513472/lid/baseline/enroll
./local/extract_xvectors.sh: extracting xvectors from nnet
./local/extract_xvectors.sh: combining xvectors across jobs
./local/extract_xvectors.sh: computing mean of xvectors for each language
./local/extract_xvectors.sh: combining xvectors across jobs
./local/extract_xvectors.sh: computing mean of xvectors for each language
Finished stage 7.
#### STAGE 8: Training logistic regression classifier and classifying test utterances. ####
Finished stage 8.
#### STAGE 9: Calculating results. ####
Accuracy: 0.952 (19372/20349 classified correctly)
Confusion matrix:
    AR   BG   CH   CR   CZ   FR   GE   JA   KO   PL   PO   RU   SP   SW   TA   TH   TU   WU   VN  
AR  771  0    1    1    3    0    3    2    0    1    7    12   16   1    0    0    6    0    0   
BG  1    1192 0    2    0    0    0    0    0    25   2    9    1    0    0    0    0    0    0   
CH  0    0    1041 0    0    0    0    0    11   1    3    1    2    0    0    2    0    1    0   
CR  0    0    0    905  3    0    0    0    0    39   0    31   31   14   0    0    5    0    0   
CZ  1    1    0    0    1270 0    1    0    0    62   0    3    1    0    1    5    0    1    1   
FR  0    0    0    0    0    1076 0    0    0    7    1    1    0    0    0    0    1    1    0   
GE  27   0    9    1    12   0    1082 2    0    4    4    14   0    3    5    1    8    0    0   
JA  3    0    3    0    0    0    0    453  26   0    0    0    3    0    0    1    1    0    0   
KO  1    0    1    0    0    0    0    16   1126 0    0    0    13   11   0    1    0    2    0   
PL  1    2    0    0    1    0    4    0    0    1456 12   29   1    0    5    0    0    0    2   
PO  2    0    1    2    1    1    2    0    0    2    848  26   18   19   0    0    2    0    0   
RU  6    0    1    55   1    1    0    0    0    6    5    1609 5    2    0    0    5    4    0   
SP  9    1    0    13   0    3    0    1    7    1    19   37   998  22   1    1    4    0    1   
SW  0    0    0    8    0    0    0    0    0    2    5    11   20   1300 0    0    1    0    0   
TA  0    0    0    0    0    0    0    0    0    0    0    1    0    0    413  0    0    0    0   
TH  1    0    0    0    0    0    0    0    0    0    0    0    0    0    0    1321 0    0    0   
TU  0    2    0    25   1    0    0    0    0    11   9    18   3    3    0    0    1017 0    1   
WU  0    0    8    0    0    0    0    0    1    0    0    1    0    2    0    0    0    335  0   
VN  0    0    0    0    0    0    0    0    0    0    0    0    0    0    0    1    0    1    1159
C_primary value: 0.061
Finished stage 9.
