This file contains any messages produced by compilers while
running configure, to aid debugging if configure makes a mistake.

It was created by shorten configure 3.6.1, which was
generated by GNU Autoconf 2.61.  Invocation command line was

  $ ./configure --prefix=/afs/inf.ed.ac.uk/user/s15/s1531206/minfkaldi/gp/s5/tools/shorten-3.6.1

## --------- ##
## Platform. ##
## --------- ##

hostname = venosa.inf.ed.ac.uk
uname -m = x86_64
uname -r = 3.10.0-862.14.4.el7.x86_64
uname -s = Linux
uname -v = #1 SMP Tue Sep 25 14:32:52 CDT 2018

/usr/bin/uname -p = x86_64
/bin/uname -X     = unknown

/bin/arch              = x86_64
/usr/bin/arch -k       = unknown
/usr/convex/getsysinfo = unknown
/usr/bin/hostinfo      = unknown
/bin/machine           = unknown
/usr/bin/oslevel       = unknown
/bin/universe          = unknown

PATH: /usr/lib64/qt-3.3/bin
PATH: /opt/mendeleydesktop/bin
PATH: /usr/local/bin/
PATH: /usr/lib/jvm/java-1.8.0/bin/
PATH: /opt/texlive/2018/bin/x86_64-linux
PATH: /opt/matlab-R2018a/bin/
PATH: /usr/local/sbin
PATH: /usr/bin
PATH: /sbin
PATH: /opt/sicstus-4.0.1/bin
PATH: /afs/inf.ed.ac.uk/group/teaching/asr/tools/kaldi/tools/irstlm/bin
PATH: /afs/inf.ed.ac.uk/group/teaching/asr/tools/kaldi/src/bin
PATH: /afs/inf.ed.ac.uk/group/teaching/asr/tools/kaldi/src/featbin
PATH: /afs/inf.ed.ac.uk/group/teaching/asr/tools/kaldi/src/fgmmbin
PATH: /afs/inf.ed.ac.uk/group/teaching/asr/tools/kaldi/src/fstbin
PATH: /afs/inf.ed.ac.uk/group/teaching/asr/tools/kaldi/src/gmmbin
PATH: /afs/inf.ed.ac.uk/group/teaching/asr/tools/kaldi/src/latbin
PATH: /afs/inf.ed.ac.uk/group/teaching/asr/tools/kaldi/src/nnetbin
PATH: /afs/inf.ed.ac.uk/group/teaching/asr/tools/kaldi/src/sgmm2bin
PATH: /afs/inf.ed.ac.uk/group/teaching/asr/tools/kaldi/src/lmbin
PATH: /afs/inf.ed.ac.uk/group/teaching/asr/tools/kaldi/tools/openfst/bin
PATH: /afs/inf.ed.ac.uk/group/teaching/asr/tools/kaldi/tools/irstlm/bin
PATH: /afs/inf.ed.ac.uk/user/s15/s1531206/minfkaldi/gp/s5/local
PATH: /afs/inf.ed.ac.uk/user/s15/s1531206/minfkaldi/gp/s5/utils
PATH: /afs/inf.ed.ac.uk/user/s15/s1531206/minfkaldi/gp/s5/steps
PATH: /afs/inf.ed.ac.uk/group/teaching/asr/tools/kaldi/tools/irstlm/bin
PATH: /afs/inf.ed.ac.uk/group/teaching/asr/tools/kaldi/src/bin
PATH: /afs/inf.ed.ac.uk/group/teaching/asr/tools/kaldi/src/featbin
PATH: /afs/inf.ed.ac.uk/group/teaching/asr/tools/kaldi/src/fgmmbin
PATH: /afs/inf.ed.ac.uk/group/teaching/asr/tools/kaldi/src/fstbin
PATH: /afs/inf.ed.ac.uk/group/teaching/asr/tools/kaldi/src/gmmbin
PATH: /afs/inf.ed.ac.uk/group/teaching/asr/tools/kaldi/src/latbin
PATH: /afs/inf.ed.ac.uk/group/teaching/asr/tools/kaldi/src/nnetbin
PATH: /afs/inf.ed.ac.uk/group/teaching/asr/tools/kaldi/src/sgmm2bin
PATH: /afs/inf.ed.ac.uk/group/teaching/asr/tools/kaldi/src/lmbin
PATH: /afs/inf.ed.ac.uk/group/teaching/asr/tools/kaldi/tools/openfst/bin
PATH: /afs/inf.ed.ac.uk/group/teaching/asr/tools/kaldi/tools/irstlm/bin
PATH: /afs/inf.ed.ac.uk/user/s15/s1531206/minfkaldi/gp/s5/local
PATH: /afs/inf.ed.ac.uk/user/s15/s1531206/minfkaldi/gp/s5/utils
PATH: /afs/inf.ed.ac.uk/user/s15/s1531206/minfkaldi/gp/s5/steps


## ----------- ##
## Core tests. ##
## ----------- ##

configure:1784: checking build system type
configure:1802: result: x86_64-unknown-linux-gnu
configure:1824: checking host system type
configure:1839: result: x86_64-unknown-linux-gnu
configure:1877: checking for a BSD-compatible install
configure:1933: result: /usr/bin/install -c
configure:1944: checking whether build environment is sane
configure:1987: result: yes
configure:2015: checking for a thread-safe mkdir -p
configure:2054: result: /usr/bin/mkdir -p
configure:2067: checking for gawk
configure:2083: found /usr/bin/gawk
configure:2094: result: gawk
configure:2105: checking whether make sets $(MAKE)
configure:2126: result: yes
configure:2369: checking for gcc
configure:2385: found /usr/bin/gcc
configure:2396: result: gcc
configure:2634: checking for C compiler version
configure:2641: gcc --version >&5
gcc (GCC) 4.8.5 20150623 (Red Hat 4.8.5-28)
Copyright (C) 2015 Free Software Foundation, Inc.
This is free software; see the source for copying conditions.  There is NO
warranty; not even for MERCHANTABILITY or FITNESS FOR A PARTICULAR PURPOSE.

configure:2644: $? = 0
configure:2651: gcc -v >&5
Using built-in specs.
COLLECT_GCC=gcc
COLLECT_LTO_WRAPPER=/usr/libexec/gcc/x86_64-redhat-linux/4.8.5/lto-wrapper
Target: x86_64-redhat-linux
Configured with: ../configure --prefix=/usr --mandir=/usr/share/man --infodir=/usr/share/info --with-bugurl=http://bugzilla.redhat.com/bugzilla --enable-bootstrap --enable-shared --enable-threads=posix --enable-checking=release --with-system-zlib --enable-__cxa_atexit --disable-libunwind-exceptions --enable-gnu-unique-object --enable-linker-build-id --with-linker-hash-style=gnu --enable-languages=c,c++,objc,obj-c++,java,fortran,ada,go,lto --enable-plugin --enable-initfini-array --disable-libgcj --with-isl=/builddir/build/BUILD/gcc-4.8.5-20150702/obj-x86_64-redhat-linux/isl-install --with-cloog=/builddir/build/BUILD/gcc-4.8.5-20150702/obj-x86_64-redhat-linux/cloog-install --enable-gnu-indirect-function --with-tune=generic --with-arch_32=x86-64 --build=x86_64-redhat-linux
Thread model: posix
gcc version 4.8.5 20150623 (Red Hat 4.8.5-28) (GCC) 
configure:2654: $? = 0
configure:2661: gcc -V >&5
gcc: error: unrecognized command line option '-V'
gcc: fatal error: no input files
compilation terminated.
configure:2664: $? = 4
configure:2687: checking for C compiler default output file name
configure:2714: gcc    conftest.c  >&5
configure:2717: $? = 0
configure:2755: result: a.out
configure:2772: checking whether the C compiler works
configure:2782: ./a.out
configure:2785: $? = 0
configure:2802: result: yes
configure:2809: checking whether we are cross compiling
configure:2811: result: no
configure:2814: checking for suffix of executables
configure:2821: gcc -o conftest    conftest.c  >&5
configure:2824: $? = 0
configure:2848: result: 
configure:2854: checking for suffix of object files
configure:2880: gcc -c   conftest.c >&5
configure:2883: $? = 0
configure:2906: result: o
configure:2910: checking whether we are using the GNU C compiler
configure:2939: gcc -c   conftest.c >&5
configure:2945: $? = 0
configure:2962: result: yes
configure:2967: checking whether gcc accepts -g
configure:2997: gcc -c -g  conftest.c >&5
configure:3003: $? = 0
configure:3102: result: yes
configure:3119: checking for gcc option to accept ISO C89
configure:3193: gcc  -c -g -O2  conftest.c >&5
configure:3199: $? = 0
configure:3222: result: none needed
configure:3251: checking for style of include used by make
configure:3279: result: GNU
configure:3304: checking dependency style of gcc
configure:3395: result: gcc3
configure:3423: checking for a BSD-compatible install
configure:3479: result: /usr/bin/install -c
configure:3494: checking for gawk
configure:3521: result: gawk
configure:3532: checking whether ln -s works
configure:3536: result: yes
configure:3543: checking whether make sets $(MAKE)
configure:3564: result: yes
configure:3580: checking how to run the C preprocessor
configure:3620: gcc -E  conftest.c
configure:3626: $? = 0
configure:3657: gcc -E  conftest.c
conftest.c:10:28: fatal error: ac_nonexistent.h: No such file or directory
 #include <ac_nonexistent.h>
                            ^
compilation terminated.
configure:3663: $? = 1
configure: failed program was:
| /* confdefs.h.  */
| #define PACKAGE_NAME "shorten"
| #define PACKAGE_TARNAME "shorten"
| #define PACKAGE_VERSION "3.6.1"
| #define PACKAGE_STRING "shorten 3.6.1"
| #define PACKAGE_BUGREPORT "shnutils@freeshell.org"
| #define PACKAGE "shorten"
| #define VERSION "3.6.1"
| /* end confdefs.h.  */
| #include <ac_nonexistent.h>
configure:3696: result: gcc -E
configure:3725: gcc -E  conftest.c
configure:3731: $? = 0
configure:3762: gcc -E  conftest.c
conftest.c:10:28: fatal error: ac_nonexistent.h: No such file or directory
 #include <ac_nonexistent.h>
                            ^
compilation terminated.
configure:3768: $? = 1
configure: failed program was:
| /* confdefs.h.  */
| #define PACKAGE_NAME "shorten"
| #define PACKAGE_TARNAME "shorten"
| #define PACKAGE_VERSION "3.6.1"
| #define PACKAGE_STRING "shorten 3.6.1"
| #define PACKAGE_BUGREPORT "shnutils@freeshell.org"
| #define PACKAGE "shorten"
| #define VERSION "3.6.1"
| /* end confdefs.h.  */
| #include <ac_nonexistent.h>
configure:3806: checking for grep that handles long lines and -e
configure:3880: result: /usr/bin/grep
configure:3885: checking for egrep
configure:3963: result: /usr/bin/grep -E
configure:3968: checking for ANSI C header files
configure:3998: gcc -c -g -O2  conftest.c >&5
configure:4004: $? = 0
configure:4103: gcc -o conftest -g -O2   conftest.c  >&5
configure:4106: $? = 0
configure:4112: ./conftest
configure:4115: $? = 0
configure:4132: result: yes
configure:4156: checking for sys/types.h
configure:4177: gcc -c -g -O2  conftest.c >&5
configure:4183: $? = 0
configure:4199: result: yes
configure:4156: checking for sys/stat.h
configure:4177: gcc -c -g -O2  conftest.c >&5
configure:4183: $? = 0
configure:4199: result: yes
configure:4156: checking for stdlib.h
configure:4177: gcc -c -g -O2  conftest.c >&5
configure:4183: $? = 0
configure:4199: result: yes
configure:4156: checking for string.h
configure:4177: gcc -c -g -O2  conftest.c >&5
configure:4183: $? = 0
configure:4199: result: yes
configure:4156: checking for memory.h
configure:4177: gcc -c -g -O2  conftest.c >&5
configure:4183: $? = 0
configure:4199: result: yes
configure:4156: checking for strings.h
configure:4177: gcc -c -g -O2  conftest.c >&5
configure:4183: $? = 0
configure:4199: result: yes
configure:4156: checking for inttypes.h
configure:4177: gcc -c -g -O2  conftest.c >&5
configure:4183: $? = 0
configure:4199: result: yes
configure:4156: checking for stdint.h
configure:4177: gcc -c -g -O2  conftest.c >&5
configure:4183: $? = 0
configure:4199: result: yes
configure:4156: checking for unistd.h
configure:4177: gcc -c -g -O2  conftest.c >&5
configure:4183: $? = 0
configure:4199: result: yes
configure:4211: checking whether byte ordering is bigendian
configure:4244: gcc -c -g -O2  conftest.c >&5
configure:4250: $? = 0
configure:4282: gcc -c -g -O2  conftest.c >&5
conftest.c: In function 'main':
conftest.c:27:2: error: unknown type name 'not'
  not big endian
  ^
conftest.c:27:10: error: expected '=', ',', ';', 'asm' or '__attribute__' before 'endian'
  not big endian
          ^
configure:4288: $? = 1
configure: failed program was:
| /* confdefs.h.  */
| #define PACKAGE_NAME "shorten"
| #define PACKAGE_TARNAME "shorten"
| #define PACKAGE_VERSION "3.6.1"
| #define PACKAGE_STRING "shorten 3.6.1"
| #define PACKAGE_BUGREPORT "shnutils@freeshell.org"
| #define PACKAGE "shorten"
| #define VERSION "3.6.1"
| #define STDC_HEADERS 1
| #define HAVE_SYS_TYPES_H 1
| #define HAVE_SYS_STAT_H 1
| #define HAVE_STDLIB_H 1
| #define HAVE_STRING_H 1
| #define HAVE_MEMORY_H 1
| #define HAVE_STRINGS_H 1
| #define HAVE_INTTYPES_H 1
| #define HAVE_STDINT_H 1
| #define HAVE_UNISTD_H 1
| /* end confdefs.h.  */
| #include <sys/types.h>
| #include <sys/param.h>
| 
| int
| main ()
| {
| #if BYTE_ORDER != BIG_ENDIAN
|  not big endian
| #endif
| 
|   ;
|   return 0;
| }
configure:4428: result: no
configure:4449: checking for main in -lm
configure:4478: gcc -o conftest -g -O2   conftest.c -lm   >&5
configure:4484: $? = 0
configure:4502: result: yes
configure:4514: checking for headers
configure:4516: checking for ANSI C header files
configure:4680: result: yes
configure:4706: checking stdarg.h usability
configure:4723: gcc -c -g -O2  conftest.c >&5
configure:4729: $? = 0
configure:4743: result: yes
configure:4747: checking stdarg.h presence
configure:4762: gcc -E  conftest.c
configure:4768: $? = 0
configure:4782: result: yes
configure:4815: checking for stdarg.h
configure:4823: result: yes
configure:4696: checking for inttypes.h
configure:4702: result: yes
configure:4836: checking for win32 environment
configure:4853: checking windows.h usability
configure:4870: gcc -c -g -O2  conftest.c >&5
conftest.c:57:21: fatal error: windows.h: No such file or directory
 #include <windows.h>
                     ^
compilation terminated.
configure:4876: $? = 1
configure: failed program was:
| /* confdefs.h.  */
| #define PACKAGE_NAME "shorten"
| #define PACKAGE_TARNAME "shorten"
| #define PACKAGE_VERSION "3.6.1"
| #define PACKAGE_STRING "shorten 3.6.1"
| #define PACKAGE_BUGREPORT "shnutils@freeshell.org"
| #define PACKAGE "shorten"
| #define VERSION "3.6.1"
| #define STDC_HEADERS 1
| #define HAVE_SYS_TYPES_H 1
| #define HAVE_SYS_STAT_H 1
| #define HAVE_STDLIB_H 1
| #define HAVE_STRING_H 1
| #define HAVE_MEMORY_H 1
| #define HAVE_STRINGS_H 1
| #define HAVE_INTTYPES_H 1
| #define HAVE_STDINT_H 1
| #define HAVE_UNISTD_H 1
| #define HAVE_LIBM 1
| #define STDC_HEADERS 1
| #define HAVE_STDARG_H 1
| #define HAVE_INTTYPES_H 1
| /* end confdefs.h.  */
| #include <stdio.h>
| #ifdef HAVE_SYS_TYPES_H
| # include <sys/types.h>
| #endif
| #ifdef HAVE_SYS_STAT_H
| # include <sys/stat.h>
| #endif
| #ifdef STDC_HEADERS
| # include <stdlib.h>
| # include <stddef.h>
| #else
| # ifdef HAVE_STDLIB_H
| #  include <stdlib.h>
| # endif
| #endif
| #ifdef HAVE_STRING_H
| # if !defined STDC_HEADERS && defined HAVE_MEMORY_H
| #  include <memory.h>
| # endif
| # include <string.h>
| #endif
| #ifdef HAVE_STRINGS_H
| # include <strings.h>
| #endif
| #ifdef HAVE_INTTYPES_H
| # include <inttypes.h>
| #endif
| #ifdef HAVE_STDINT_H
| # include <stdint.h>
| #endif
| #ifdef HAVE_UNISTD_H
| # include <unistd.h>
| #endif
| #include <windows.h>
configure:4890: result: no
configure:4894: checking windows.h presence
configure:4909: gcc -E  conftest.c
conftest.c:24:21: fatal error: windows.h: No such file or directory
 #include <windows.h>
                     ^
compilation terminated.
configure:4915: $? = 1
configure: failed program was:
| /* confdefs.h.  */
| #define PACKAGE_NAME "shorten"
| #define PACKAGE_TARNAME "shorten"
| #define PACKAGE_VERSION "3.6.1"
| #define PACKAGE_STRING "shorten 3.6.1"
| #define PACKAGE_BUGREPORT "shnutils@freeshell.org"
| #define PACKAGE "shorten"
| #define VERSION "3.6.1"
| #define STDC_HEADERS 1
| #define HAVE_SYS_TYPES_H 1
| #define HAVE_SYS_STAT_H 1
| #define HAVE_STDLIB_H 1
| #define HAVE_STRING_H 1
| #define HAVE_MEMORY_H 1
| #define HAVE_STRINGS_H 1
| #define HAVE_INTTYPES_H 1
| #define HAVE_STDINT_H 1
| #define HAVE_UNISTD_H 1
| #define HAVE_LIBM 1
| #define STDC_HEADERS 1
| #define HAVE_STDARG_H 1
| #define HAVE_INTTYPES_H 1
| /* end confdefs.h.  */
| #include <windows.h>
configure:4929: result: no
configure:4962: checking for windows.h
configure:4970: result: no
configure:4984: checking for data types
configure:4986: checking for unsigned long
configure:5016: gcc -c -g -O2  conftest.c >&5
configure:5022: $? = 0
configure:5037: result: yes
configure:5044: checking size of unsigned long
configure:5346: gcc -o conftest -g -O2   conftest.c -lm  >&5
configure:5349: $? = 0
configure:5355: ./conftest
configure:5358: $? = 0
configure:5381: result: 8
configure:5392: checking for library functions
configure:5399: checking for strerror
configure:5455: gcc -o conftest -g -O2   conftest.c -lm  >&5
configure:5461: $? = 0
configure:5479: result: yes
configure:5399: checking for truncate
configure:5455: gcc -o conftest -g -O2   conftest.c -lm  >&5
configure:5461: $? = 0
configure:5479: result: yes
configure:5606: creating ./config.status

## ---------------------- ##
## Running config.status. ##
## ---------------------- ##

This file was extended by shorten config.status 3.6.1, which was
generated by GNU Autoconf 2.61.  Invocation command line was

  CONFIG_FILES    = 
  CONFIG_HEADERS  = 
  CONFIG_LINKS    = 
  CONFIG_COMMANDS = 
  $ ./config.status 

on venosa.inf.ed.ac.uk

config.status:648: creating man/Makefile
config.status:648: creating utils/Makefile
config.status:648: creating src/Makefile
config.status:648: creating tests/Makefile
config.status:648: creating Makefile
config.status:648: creating include/config.h
config.status:927: executing depfiles commands
configure:6837: ready to compile.

shorten is now configured with the following options:

version:  3.6.1
install:  /afs/inf.ed.ac.uk/user/s15/s1531206/minfkaldi/gp/s5/tools/shorten-3.6.1/bin

Type 'make' to build shorten.  Afterwards,
type 'make check' to run some verification tests.


## ---------------- ##
## Cache variables. ##
## ---------------- ##

ac_cv_build=x86_64-unknown-linux-gnu
ac_cv_c_bigendian=no
ac_cv_c_compiler_gnu=yes
ac_cv_env_CC_set=
ac_cv_env_CC_value=
ac_cv_env_CFLAGS_set=
ac_cv_env_CFLAGS_value=
ac_cv_env_CPPFLAGS_set=
ac_cv_env_CPPFLAGS_value=
ac_cv_env_CPP_set=
ac_cv_env_CPP_value=
ac_cv_env_LDFLAGS_set=
ac_cv_env_LDFLAGS_value=
ac_cv_env_LIBS_set=
ac_cv_env_LIBS_value=
ac_cv_env_build_alias_set=
ac_cv_env_build_alias_value=
ac_cv_env_host_alias_set=
ac_cv_env_host_alias_value=
ac_cv_env_target_alias_set=
ac_cv_env_target_alias_value=
ac_cv_func_strerror=yes
ac_cv_func_truncate=yes
ac_cv_header_inttypes_h=yes
ac_cv_header_memory_h=yes
ac_cv_header_stdarg_h=yes
ac_cv_header_stdc=yes
ac_cv_header_stdint_h=yes
ac_cv_header_stdlib_h=yes
ac_cv_header_string_h=yes
ac_cv_header_strings_h=yes
ac_cv_header_sys_stat_h=yes
ac_cv_header_sys_types_h=yes
ac_cv_header_unistd_h=yes
ac_cv_header_windows_h=no
ac_cv_host=x86_64-unknown-linux-gnu
ac_cv_lib_m_main=yes
ac_cv_objext=o
ac_cv_path_EGREP='/usr/bin/grep -E'
ac_cv_path_GREP=/usr/bin/grep
ac_cv_path_install='/usr/bin/install -c'
ac_cv_path_mkdir=/usr/bin/mkdir
ac_cv_prog_AWK=gawk
ac_cv_prog_CPP='gcc -E'
ac_cv_prog_ac_ct_CC=gcc
ac_cv_prog_cc_c89=
ac_cv_prog_cc_g=yes
ac_cv_prog_make_make_set=yes
ac_cv_sizeof_unsigned_long=8
ac_cv_type_unsigned_long=yes
am_cv_CC_dependencies_compiler_type=gcc3

## ----------------- ##
## Output variables. ##
## ----------------- ##

ACLOCAL='${SHELL} /afs/inf.ed.ac.uk/user/s15/s1531206/minfkaldi/gp/s5/tools/shorten-3.6.1/missing --run aclocal-1.10'
AMDEPBACKSLASH='\'
AMDEP_FALSE='#'
AMDEP_TRUE=''
AMTAR='${SHELL} /afs/inf.ed.ac.uk/user/s15/s1531206/minfkaldi/gp/s5/tools/shorten-3.6.1/missing --run tar'
AUTOCONF='${SHELL} /afs/inf.ed.ac.uk/user/s15/s1531206/minfkaldi/gp/s5/tools/shorten-3.6.1/missing --run autoconf'
AUTOHEADER='${SHELL} /afs/inf.ed.ac.uk/user/s15/s1531206/minfkaldi/gp/s5/tools/shorten-3.6.1/missing --run autoheader'
AUTOMAKE='${SHELL} /afs/inf.ed.ac.uk/user/s15/s1531206/minfkaldi/gp/s5/tools/shorten-3.6.1/missing --run automake-1.10'
AWK='gawk'
CC='gcc'
CCDEPMODE='depmode=gcc3'
CFLAGS='-g -O2'
CPP='gcc -E'
CPPFLAGS=''
CYGPATH_W='echo'
DEFS='-DHAVE_CONFIG_H'
DEPDIR='.deps'
ECHO_C=''
ECHO_N='-n'
ECHO_T=''
EGREP='/usr/bin/grep -E'
EXEEXT=''
GREP='/usr/bin/grep'
INSTALL_DATA='${INSTALL} -m 644'
INSTALL_PROGRAM='${INSTALL}'
INSTALL_SCRIPT='${INSTALL}'
INSTALL_STRIP_PROGRAM='$(install_sh) -c -s'
LDFLAGS=''
LIBOBJS=''
LIBS='-lm '
LN_S='ln -s'
LTLIBOBJS=''
MAKEINFO='${SHELL} /afs/inf.ed.ac.uk/user/s15/s1531206/minfkaldi/gp/s5/tools/shorten-3.6.1/missing --run makeinfo'
OBJEXT='o'
PACKAGE='shorten'
PACKAGE_BUGREPORT='shnutils@freeshell.org'
PACKAGE_NAME='shorten'
PACKAGE_STRING='shorten 3.6.1'
PACKAGE_TARNAME='shorten'
PACKAGE_VERSION='3.6.1'
PATH_SEPARATOR=':'
SET_MAKE=''
SHELL='/bin/sh'
STRIP=''
VERSION='3.6.1'
ac_ct_CC='gcc'
am__fastdepCC_FALSE='#'
am__fastdepCC_TRUE=''
am__include='include'
am__isrc=''
am__leading_dot='.'
am__quote=''
am__tar='${AMTAR} chof - "$$tardir"'
am__untar='${AMTAR} xf -'
bindir='${exec_prefix}/bin'
build='x86_64-unknown-linux-gnu'
build_alias=''
build_cpu='x86_64'
build_os='linux-gnu'
build_vendor='unknown'
datadir='${datarootdir}'
datarootdir='${prefix}/share'
docdir='${datarootdir}/doc/${PACKAGE_TARNAME}'
dvidir='${docdir}'
exec_prefix='${prefix}'
host='x86_64-unknown-linux-gnu'
host_alias=''
host_cpu='x86_64'
host_os='linux-gnu'
host_vendor='unknown'
htmldir='${docdir}'
includedir='${prefix}/include'
infodir='${datarootdir}/info'
install_sh='$(SHELL) /afs/inf.ed.ac.uk/user/s15/s1531206/minfkaldi/gp/s5/tools/shorten-3.6.1/install-sh'
libdir='${exec_prefix}/lib'
libexecdir='${exec_prefix}/libexec'
localedir='${datarootdir}/locale'
localstatedir='${prefix}/var'
mandir='${datarootdir}/man'
mkdir_p='/usr/bin/mkdir -p'
oldincludedir='/usr/include'
pdfdir='${docdir}'
prefix='/afs/inf.ed.ac.uk/user/s15/s1531206/minfkaldi/gp/s5/tools/shorten-3.6.1'
program_transform_name='s,x,x,'
psdir='${docdir}'
sbindir='${exec_prefix}/sbin'
sharedstatedir='${prefix}/com'
sysconfdir='${prefix}/etc'
target_alias=''

## ----------- ##
## confdefs.h. ##
## ----------- ##

#define PACKAGE_NAME "shorten"
#define PACKAGE_TARNAME "shorten"
#define PACKAGE_VERSION "3.6.1"
#define PACKAGE_STRING "shorten 3.6.1"
#define PACKAGE_BUGREPORT "shnutils@freeshell.org"
#define PACKAGE "shorten"
#define VERSION "3.6.1"
#define STDC_HEADERS 1
#define HAVE_SYS_TYPES_H 1
#define HAVE_SYS_STAT_H 1
#define HAVE_STDLIB_H 1
#define HAVE_STRING_H 1
#define HAVE_MEMORY_H 1
#define HAVE_STRINGS_H 1
#define HAVE_INTTYPES_H 1
#define HAVE_STDINT_H 1
#define HAVE_UNISTD_H 1
#define HAVE_LIBM 1
#define STDC_HEADERS 1
#define HAVE_STDARG_H 1
#define HAVE_INTTYPES_H 1
#define SIZEOF_UNSIGNED_LONG 8
#define HAVE_STRERROR 1
#define HAVE_TRUNCATE 1

configure: exit 0
